<?xml version="1.0" encoding="UTF-8"?>
<robot generator="Robot 3.2.1 (Python 3.8.2 on darwin)" generated="20200513 11:47:30.939" rpa="false">
<suite id="s1" name="Demo5" source="/Users/tahigash/.pyenv/versions/3.8.2/envs/genie_20200512/examples/libraries/robot/demo5.robot">
<test id="s1-t1" name="Initialize">
<kw name="use genie testbed &quot;${testbed}&quot;" library="genie.libs.robot.GenieRobot">
<doc>Create the genie testbed</doc>
<msg timestamp="20200513 11:47:32.528" level="INFO">+------------------------------------------------------------------------------+
|                            Genie datafiles used:                             |
+------------------------------------------------------------------------------+</msg>
<msg timestamp="20200513 11:47:32.528" level="INFO">Trigger datafile          | /Users/tahigash/.pyenv/versions/3.8.2/envs/genie_20200512/pypi/genielibs/pkgs/sdk-pkg/src/genie/libs/sdk/genie_yamls/nxos/trigger_datafile_nxos.yaml</msg>
<msg timestamp="20200513 11:47:32.528" level="INFO">Verification  datafile    | /Users/tahigash/.pyenv/versions/3.8.2/envs/genie_20200512/pypi/genielibs/pkgs/sdk-pkg/src/genie/libs/sdk/genie_yamls/nxos/verification_datafile_nxos.yaml</msg>
<msg timestamp="20200513 11:47:32.528" level="INFO">Pts datafile              | /Users/tahigash/.pyenv/versions/3.8.2/envs/genie_20200512/pypi/genielibs/pkgs/sdk-pkg/src/genie/libs/sdk/genie_yamls/pts_datafile.yaml</msg>
<msg timestamp="20200513 11:47:32.528" level="INFO">Subsection datafile       | /Users/tahigash/.pyenv/versions/3.8.2/envs/genie_20200512/pypi/genielibs/pkgs/sdk-pkg/src/genie/libs/sdk/genie_yamls/subsection_datafile.yaml</msg>
<msg timestamp="20200513 11:47:32.528" level="INFO">Config datafile           | None</msg>
<status status="PASS" starttime="20200513 11:47:32.480" endtime="20200513 11:47:34.120"></status>
</kw>
<kw name="connect to device &quot;nx-osv-1&quot;" library="ats.robot.pyATSRobot">
<doc>Connect to device connection as defined in testbed.yaml</doc>
<msg timestamp="20200513 11:47:34.122" level="INFO">Connecting to device 'Device nx-osv-1 (alias=uut), type NX-OSv 9000'</msg>
<msg timestamp="20200513 11:47:34.122" level="INFO">kwargs: {}</msg>
<msg timestamp="20200513 11:47:34.136" level="INFO">nx-osv-1#</msg>
<msg timestamp="20200513 11:47:34.136" level="INFO">+++ nx-osv-1: connecting command ' +++</msg>
<msg timestamp="20200513 11:47:37.925" level="INFO">Escape character is '^]'.

nx-osv-1# </msg>
<msg timestamp="20200513 11:47:37.963" level="INFO">[2020-05-13 11:47:34,126] +++ nx-osv-1 logfile /tmp/nx-osv-1-cli-20200513T114734125.log +++
[2020-05-13 11:47:34,126] +++ Unicon plugin nxos +++</msg>
<status status="PASS" starttime="20200513 11:47:34.121" endtime="20200513 11:47:37.963"></status>
</kw>
<kw name="connect to device &quot;helper&quot;" library="ats.robot.pyATSRobot">
<doc>Connect to device connection as defined in testbed.yaml</doc>
<msg timestamp="20200513 11:47:37.965" level="INFO">Connecting to device 'Device csr1000v-1 (alias=helper), type asr1k'</msg>
<msg timestamp="20200513 11:47:37.965" level="INFO">kwargs: {}</msg>
<msg timestamp="20200513 11:47:37.984" level="INFO">csr1000v-1#</msg>
<msg timestamp="20200513 11:47:37.984" level="INFO">+++ csr1000v-1: connecting command ' +++</msg>
<msg timestamp="20200513 11:47:41.593" level="INFO">Escape character is '^]'.

csr1000v-1#</msg>
<msg timestamp="20200513 11:47:41.634" level="INFO">[2020-05-13 11:47:37,977] +++ csr1000v-1 logfile /tmp/csr1000v-1-cli-20200513T114737976.log +++
[2020-05-13 11:47:37,978] +++ Unicon plugin iosxe +++</msg>
<status status="PASS" starttime="20200513 11:47:37.964" endtime="20200513 11:47:41.634"></status>
</kw>
<status status="PASS" starttime="20200513 11:47:32.478" endtime="20200513 11:47:41.635" critical="yes"></status>
</test>
<test id="s1-t2" name="parser show bgp all detail">
<kw name="parse &quot;show version&quot; on device &quot;nx-osv-1&quot;" library="genie.libs.robot.GenieRobot">
<doc>Call any `metaparser` parser and parse the device output.</doc>
<assign>
<var>${output}</var>
</assign>
<msg timestamp="20200513 11:47:42.331" level="INFO">nx-osv-1#</msg>
<msg timestamp="20200513 11:47:42.331" level="INFO">+++ nx-osv-1: execute command 'show version' +++</msg>
<msg timestamp="20200513 11:47:42.760" level="INFO">show version</msg>
<msg timestamp="20200513 11:47:42.760" level="INFO">Cisco Nexus Operating System (NX-OS) Software
TAC support: http://www.cisco.com/tac
Documents: http://www.cisco.com/en/US/products/ps9372/tsd_products_support_series_home.html
Copyright (c) 2002-2016, Cisco Systems, Inc. All rights reserved.
The copyrights to certain works contained herein are owned by
other third parties and are used and distributed under license.
Some parts of this software are covered under the GNU Public
License. A copy of the license is available at
http://www.gnu.org/licenses/gpl.html.

NX-OSv is a demo version of the Nexus Operating System

Software
  loader:    version N/A
  kickstart: version 7.3(0)D1(1)
  system:    version 7.3(0)D1(1)
  kickstart image file is: bootflash:///titanium-d1-kickstart.7.3.0.D1.1.bin
  kickstart compile time:  1/11/2016 16:00:00 [02/11/2016 10:30:12]
  system image file is:    bootflash:///titanium-d1.7.3.0.D1.1.bin
  system compile time:     1/11/2016 16:00:00 [02/11/2016 13:08:11]


Hardware
  cisco NX-OSv Chassis ("NX-OSv Supervisor Module")
  QEMU Virtual CPU version 2.5 with 3064740 kB of memory.
  Processor Board ID TM00010000B

  Device name: nx-osv-1
  bootflash:    3184776 kB

Kernel uptime is 0 day(s), 0 hour(s), 16 minute(s), 34 second(s)


plugin
  Core Plugin, Ethernet Plugin

Active Package(s)</msg>
<msg timestamp="20200513 11:47:42.770" level="INFO">${output} = {'platform': {'name': 'Nexus', 'os': 'NX-OS', 'software': {'kickstart_version': '7.3(0)D1(1)', 'system_version': '7.3(0)D1(1)', 'kickstart_image_file': 'bootflash:///titanium-d1-kickstart.7.3.0.D1.1.b...</msg>
<status status="PASS" starttime="20200513 11:47:41.637" endtime="20200513 11:47:42.770"></status>
</kw>
<status status="PASS" starttime="20200513 11:47:41.635" endtime="20200513 11:47:42.770" critical="yes"></status>
</test>
<test id="s1-t3" name="Verify Ping from nx-osv-1 to helper">
<kw name="run testcase" library="ats.robot.pyATSRobot">
<doc>The keyword allow to call any pyATS testcase by passing the full
python path of the testcase.</doc>
<arguments>
<arg>pyats_loopback_reachability.NxosPingTestcase</arg>
<arg>device=nx-osv-1</arg>
</arguments>
<msg timestamp="20200513 11:47:42.785" level="INFO">+------------------------------------------------------------------------------+
|                 Starting section ping[destination=10.0.2.1]                  |
+------------------------------------------------------------------------------+</msg>
<msg timestamp="20200513 11:47:42.785" level="INFO">nx-osv-1#</msg>
<msg timestamp="20200513 11:47:42.786" level="INFO">+++ nx-osv-1: ping command '10.0.2.1' +++</msg>
<msg timestamp="20200513 11:47:48.142" level="INFO">10.0.2.1</msg>
<msg timestamp="20200513 11:47:48.142" level="INFO">ping
Vrf context to use [default] :
No user input: using default context
Target IP address or Hostname: 10.0.2.1
Repeat count [5] : 
Packet-size [56] : 
Timeout in seconds [2] : 
Sending interval in seconds [0] : 
Extended commands [no] : n
Sweep range of sizes [no] : n
Sending 5, 56-bytes ICMP Echos to 10.0.2.1
Timeout is 2 seconds, data pattern is 0xABCD

64 bytes from 10.0.2.1: icmp_seq=0 ttl=254 time=2.234 ms
64 bytes from 10.0.2.1: icmp_seq=1 ttl=254 time=1.672 ms
64 bytes from 10.0.2.1: icmp_seq=2 ttl=254 time=1.62 ms
64 bytes from 10.0.2.1: icmp_seq=3 ttl=254 time=1.573 ms
64 bytes from 10.0.2.1: icmp_seq=4 ttl=254 time=1.564 ms

--- 10.0.2.1 ping statistics ---
5 packets transmitted, 5 packets received, 0.00% packet loss
round-trip min/avg/max = 1.564/1.732/2.234 ms
</msg>
<msg timestamp="20200513 11:47:48.142" level="INFO">+------------------------------------------------------------------------------+
|                   Ping 10.0.2.1 with success rate of 100%                    |
+------------------------------------------------------------------------------+</msg>
<msg timestamp="20200513 11:47:48.143" level="INFO">The result of section ping[destination=10.0.2.1] is =&gt; PASSED</msg>
<msg timestamp="20200513 11:47:48.143" level="INFO">+------------------------------------------------------------------------------+
|                 Starting section ping[destination=10.0.1.1]                  |
+------------------------------------------------------------------------------+</msg>
<msg timestamp="20200513 11:47:48.143" level="INFO">nx-osv-1#</msg>
<msg timestamp="20200513 11:47:48.144" level="INFO">+++ nx-osv-1: ping command '10.0.1.1' +++</msg>
<msg timestamp="20200513 11:47:53.492" level="INFO">10.0.1.1</msg>
<msg timestamp="20200513 11:47:53.492" level="INFO">ping
Vrf context to use [default] :
No user input: using default context
Target IP address or Hostname: 10.0.1.1
Repeat count [5] : 
Packet-size [56] : 
Timeout in seconds [2] : 
Sending interval in seconds [0] : 
Extended commands [no] : n
Sweep range of sizes [no] : n
Sending 5, 56-bytes ICMP Echos to 10.0.1.1
Timeout is 2 seconds, data pattern is 0xABCD

64 bytes from 10.0.1.1: icmp_seq=0 ttl=254 time=2.152 ms
64 bytes from 10.0.1.1: icmp_seq=1 ttl=254 time=1.581 ms
64 bytes from 10.0.1.1: icmp_seq=2 ttl=254 time=1.552 ms
64 bytes from 10.0.1.1: icmp_seq=3 ttl=254 time=1.378 ms
64 bytes from 10.0.1.1: icmp_seq=4 ttl=254 time=1.805 ms

--- 10.0.1.1 ping statistics ---
5 packets transmitted, 5 packets received, 0.00% packet loss
round-trip min/avg/max = 1.378/1.693/2.152 ms
</msg>
<msg timestamp="20200513 11:47:53.493" level="INFO">+------------------------------------------------------------------------------+
|                   Ping 10.0.1.1 with success rate of 100%                    |
+------------------------------------------------------------------------------+</msg>
<msg timestamp="20200513 11:47:53.493" level="INFO">The result of section ping[destination=10.0.1.1] is =&gt; PASSED</msg>
<msg timestamp="20200513 11:47:53.494" level="INFO">Set tag 'basic looping'.</msg>
<msg timestamp="20200513 11:47:53.494" level="INFO">Execution passed with message:
NxosPingTestcase has passed</msg>
<status status="PASS" starttime="20200513 11:47:42.773" endtime="20200513 11:47:53.494"></status>
</kw>
<tags>
<tag>basic looping</tag>
</tags>
<status status="PASS" starttime="20200513 11:47:42.771" endtime="20200513 11:47:53.494" critical="yes">NxosPingTestcase has passed</status>
</test>
<test id="s1-t4" name="Verify Ping from helper to nx-osv-1">
<kw name="run testcase" library="ats.robot.pyATSRobot">
<doc>The keyword allow to call any pyATS testcase by passing the full
python path of the testcase.</doc>
<arguments>
<arg>pyats_loopback_reachability.PingTestcase</arg>
<arg>device=helper</arg>
</arguments>
<msg timestamp="20200513 11:47:53.496" level="INFO">+------------------------------------------------------------------------------+
|                 Starting section ping[destination=10.0.1.2]                  |
+------------------------------------------------------------------------------+</msg>
<msg timestamp="20200513 11:47:53.497" level="INFO">csr1000v-1#</msg>
<msg timestamp="20200513 11:47:53.497" level="INFO">+++ csr1000v-1: ping command '10.0.1.2' +++</msg>
<msg timestamp="20200513 11:47:56.078" level="INFO">10.0.1.2</msg>
<msg timestamp="20200513 11:47:56.078" level="INFO">ping
Protocol [ip]: 
Target IP address: 10.0.1.2
Repeat count [5]: 
Datagram size [100]: 
Timeout in seconds [2]: 
Extended commands [n]: n
Sweep range of sizes [n]: n
Type escape sequence to abort.
Sending 5, 100-byte ICMP Echos to 10.0.1.2, timeout is 2 seconds:
!!!!!
Success rate is 100 percent (5/5), round-trip min/avg/max = 1/1/3 ms
</msg>
<msg timestamp="20200513 11:47:56.079" level="INFO">+------------------------------------------------------------------------------+
|                   Ping 10.0.1.2 with success rate of 100%                    |
+------------------------------------------------------------------------------+</msg>
<msg timestamp="20200513 11:47:56.079" level="INFO">The result of section ping[destination=10.0.1.2] is =&gt; PASSED</msg>
<msg timestamp="20200513 11:47:56.079" level="INFO">+------------------------------------------------------------------------------+
|                 Starting section ping[destination=10.0.2.2]                  |
+------------------------------------------------------------------------------+</msg>
<msg timestamp="20200513 11:47:56.080" level="INFO">csr1000v-1#</msg>
<msg timestamp="20200513 11:47:56.080" level="INFO">+++ csr1000v-1: ping command '10.0.2.2' +++</msg>
<msg timestamp="20200513 11:48:04.212" level="INFO">10.0.2.2</msg>
<msg timestamp="20200513 11:48:04.212" level="INFO">ping
Protocol [ip]: 
Target IP address: 10.0.2.2
Repeat count [5]: 
Datagram size [100]: 
Timeout in seconds [2]: 
Extended commands [n]: n
Sweep range of sizes [n]: n
Type escape sequence to abort.
Sending 5, 100-byte ICMP Echos to 10.0.2.2, timeout is 2 seconds:
!!!!!
Success rate is 100 percent (5/5), round-trip min/avg/max = 2/2/3 ms
</msg>
<msg timestamp="20200513 11:48:04.212" level="INFO">+------------------------------------------------------------------------------+
|                   Ping 10.0.2.2 with success rate of 100%                    |
+------------------------------------------------------------------------------+</msg>
<msg timestamp="20200513 11:48:04.212" level="INFO">The result of section ping[destination=10.0.2.2] is =&gt; PASSED</msg>
<msg timestamp="20200513 11:48:04.212" level="INFO">Set tag 'basic looping'.</msg>
<msg timestamp="20200513 11:48:04.213" level="INFO">Execution passed with message:
PingTestcase has passed</msg>
<status status="PASS" starttime="20200513 11:47:53.495" endtime="20200513 11:48:04.213"></status>
</kw>
<tags>
<tag>basic looping</tag>
</tags>
<status status="PASS" starttime="20200513 11:47:53.495" endtime="20200513 11:48:04.213" critical="yes">PingTestcase has passed</status>
</test>
<test id="s1-t5" name="Verify the counts of Bgp 'established' neighbors for nx-osv-1&amp;helper">
<kw name="verify count &quot;1&quot; &quot;bgp neighbors&quot; on device &quot;nx-osv-1&quot;" library="genie.libs.robot.GenieRobot">
<doc>Verify that a specific number of &lt;...&gt; is &lt;...&gt; on a device.</doc>
<msg timestamp="20200513 11:48:04.483" level="INFO">nx-osv-1#</msg>
<msg timestamp="20200513 11:48:04.483" level="INFO">+++ nx-osv-1: execute command 'show bgp process vrf all' +++</msg>
<msg timestamp="20200513 11:48:08.024" level="INFO">show bgp process vrf all</msg>
<msg timestamp="20200513 11:48:08.024" level="INFO">
BGP Process Information
BGP Process ID                 : 7726
BGP Protocol Started, reason:  : configuration
BGP Protocol Tag               : 65000
BGP Protocol State             : Running
BGP MMODE                      : Not Initialized
BGP Memory State               : OK
BGP asformat                   : asplain

BGP attributes information
Number of attribute entries    : 2
HWM of attribute entries       : 2
Bytes used by entries          : 200
Entries pending delete         : 0
HWM of entries pending delete  : 0
BGP paths per attribute HWM    : 1
BGP AS path entries            : 0
Bytes used by AS path entries  : 0

Information regarding configured VRFs:

BGP Information for VRF default
VRF Id                         : 1
VRF state                      : UP
Router-ID                      : 10.2.2.2
Configured Router-ID           : 10.2.2.2
Confed-ID                      : 0
Cluster-ID                     : 0.0.0.0
No. of configured peers        : 1
No. of pending config peers    : 0
No. of established peers       : 1
VRF RD                         : Not configured

    Information for address family IPv4 Unicast in VRF default
    Table Id                   : 1
    Table state                : UP
    Peers      Active-peers    Routes     Paths      Networks   Aggregates
    1          1               2          2          1          0         

    Redistribution                
        None

    Wait for IGP convergence is not configured


    Nexthop trigger-delay
        critical 3000 ms
        non-critical 10000 ms

    Information for address family IPv6 Unicast in VRF default
    Table Id                   : 80000001
    Table state                : UP
    Peers      Active-peers    Routes     Paths      Networks   Aggregates
    0          0               0          0          0          0         

    Redistribution                
        None

    Wait for IGP convergence is not configured


    Nexthop trigger-delay
        critical 3000 ms
        non-critical 10000 ms</msg>
<msg timestamp="20200513 11:48:08.039" level="INFO">nx-osv-1#</msg>
<msg timestamp="20200513 11:48:08.040" level="INFO">+++ nx-osv-1: execute command 'show running-config | inc peer-session' +++</msg>
<msg timestamp="20200513 11:48:08.471" level="INFO">show running-config | inc peer-session</msg>
<msg timestamp="20200513 11:48:08.474" level="INFO">Could not learn &lt;class 'genie.libs.parser.nxos.show_bgp.ShowBgpPeerSession'&gt;
Parser Output is empty</msg>
<msg timestamp="20200513 11:48:08.475" level="INFO">nx-osv-1#</msg>
<msg timestamp="20200513 11:48:08.475" level="INFO">+++ nx-osv-1: execute command 'show running-config | inc peer-policy' +++</msg>
<msg timestamp="20200513 11:48:08.890" level="INFO">show running-config | inc peer-policy</msg>
<msg timestamp="20200513 11:48:08.894" level="INFO">Could not learn &lt;class 'genie.libs.parser.nxos.show_bgp.ShowBgpPeerPolicy'&gt;
Parser Output is empty</msg>
<msg timestamp="20200513 11:48:08.894" level="INFO">nx-osv-1#</msg>
<msg timestamp="20200513 11:48:08.895" level="INFO">+++ nx-osv-1: execute command 'show bgp vrf all all dampening parameters' +++</msg>
<msg timestamp="20200513 11:48:09.224" level="INFO">show bgp vrf all all dampening parameters</msg>
<msg timestamp="20200513 11:48:09.227" level="INFO">Could not learn &lt;class 'genie.libs.parser.nxos.show_bgp.ShowBgpVrfAllAllDampeningParameters'&gt;
Parser Output is empty</msg>
<msg timestamp="20200513 11:48:09.228" level="INFO">nx-osv-1#</msg>
<msg timestamp="20200513 11:48:09.228" level="INFO">+++ nx-osv-1: execute command 'show bgp vrf all all nexthop-database' +++</msg>
<msg timestamp="20200513 11:48:14.799" level="INFO">show bgp vrf all all nexthop-database</msg>
<msg timestamp="20200513 11:48:14.799" level="INFO">
Next Hop table for VRF default, address family IPv4 Unicast:
Next-hop trigger-delay(miliseconds)
  Critical: 3000 Non-critical: 10000
IPv4 Next-hop table

Nexthop: 0.0.0.0, Flags: 0x2, Refcount: 1, IGP cost: 0
IGP Route type: 0, IGP preference: 0
Nexthop is not-attached local unreachable not-labeled
Nexthop last resolved: never, using 0.0.0.0/0
Metric next advertise: Never
RNH epoch: 0

Nexthop: 10.1.1.1, Flags: 0x1, Refcount: 1, IGP cost: 41
IGP Route type: 0, IGP preference: 110
Attached nexthop: 10.0.2.1, Interface: Ethernet2/2
Attached nexthop: 10.0.1.1, Interface: Ethernet2/1
Nexthop is not-attached not-local reachable not-labeled
Nexthop last resolved: 00:13:26, using 10.1.1.1/32
Metric next advertise: Never
RNH epoch: 1
IPv6 Next-hop table

Next Hop table for VRF default, address family IPv6 Unicast:
Next-hop trigger-delay(miliseconds)
  Critical: 3000 Non-critical: 10000
IPv4 Next-hop table
IPv6 Next-hop table</msg>
<msg timestamp="20200513 11:48:14.805" level="INFO">nx-osv-1#</msg>
<msg timestamp="20200513 11:48:14.805" level="INFO">+++ nx-osv-1: execute command 'show routing vrf all' +++</msg>
<msg timestamp="20200513 11:48:18.595" level="INFO">show routing vrf all</msg>
<msg timestamp="20200513 11:48:18.596" level="INFO">IP Route Table for VRF "default"
'*' denotes best ucast next-hop
'**' denotes best mcast next-hop
'[x/y]' denotes [preference/metric]
'%&lt;string&gt;' in via output denotes VRF &lt;string&gt;

10.0.1.0/24, ubest/mbest: 1/0, attached
    *via 10.0.1.2, Eth2/1, [0/0], 00:14:44, direct
10.0.1.2/32, ubest/mbest: 1/0, attached
    *via 10.0.1.2, Eth2/1, [0/0], 00:14:44, local
10.0.2.0/24, ubest/mbest: 1/0, attached
    *via 10.0.2.2, Eth2/2, [0/0], 00:14:43, direct
10.0.2.2/32, ubest/mbest: 1/0, attached
    *via 10.0.2.2, Eth2/2, [0/0], 00:14:43, local
10.1.1.1/32, ubest/mbest: 2/0
    *via 10.0.1.1, Eth2/1, [110/41], 00:13:41, ospf-1, intra
    *via 10.0.2.1, Eth2/2, [110/41], 00:13:41, ospf-1, intra
10.2.2.2/32, ubest/mbest: 2/0, attached
    *via 10.2.2.2, Lo0, [0/0], 00:14:36, local
    *via 10.2.2.2, Lo0, [0/0], 00:14:36, direct
10.11.11.11/32, ubest/mbest: 1/0
    *via 10.1.1.1, [200/0], 00:13:36, bgp-65000, internal, tag 65000, 
10.22.22.22/32, ubest/mbest: 2/0, attached
    *via 10.22.22.22, Lo1, [0/0], 00:14:36, local
    *via 10.22.22.22, Lo1, [0/0], 00:14:36, direct</msg>
<msg timestamp="20200513 11:48:18.604" level="INFO">nx-osv-1#</msg>
<msg timestamp="20200513 11:48:18.604" level="INFO">+++ nx-osv-1: execute command 'show bgp vrf all all' +++</msg>
<msg timestamp="20200513 11:48:19.101" level="INFO">show bgp vrf all all</msg>
<msg timestamp="20200513 11:48:19.101" level="INFO">BGP routing table information for VRF default, address family IPv4 Unicast
BGP table version is 5, local router ID is 10.2.2.2
Status: s-suppressed, x-deleted, S-stale, d-dampened, h-history, *-valid, &gt;-best
Path type: i-internal, e-external, c-confed, l-local, a-aggregate, r-redist, I-injected
Origin codes: i - IGP, e - EGP, ? - incomplete, | - multipath, &amp; - backup

   Network            Next Hop            Metric     LocPrf     Weight Path
*&gt;i10.11.11.11/32     10.1.1.1                 0        100          0 i
*&gt;l10.22.22.22/32     0.0.0.0                           100      32768 i</msg>
<msg timestamp="20200513 11:48:19.113" level="INFO">nx-osv-1#</msg>
<msg timestamp="20200513 11:48:19.113" level="INFO">+++ nx-osv-1: execute command 'show vrf all' +++</msg>
<msg timestamp="20200513 11:48:19.516" level="INFO">show vrf all</msg>
<msg timestamp="20200513 11:48:19.516" level="INFO">VRF-Name                           VRF-ID State   Reason                        
default                                 1 Up      --                            
management                              2 Up      --</msg>
<msg timestamp="20200513 11:48:19.528" level="INFO">nx-osv-1#</msg>
<msg timestamp="20200513 11:48:19.529" level="INFO">+++ nx-osv-1: execute command 'show bgp vrf default all neighbors' +++</msg>
<msg timestamp="20200513 11:48:19.927" level="INFO">show bgp vrf default all neighbors</msg>
<msg timestamp="20200513 11:48:19.927" level="INFO">BGP neighbor is 10.1.1.1,  remote AS 65000, ibgp link, Peer index 1
  BGP version 4, remote router ID 10.1.1.1
  BGP state = Established, up for 00:13:41
  Using loopback0 as update source for this peer
  Last read 00:00:48, hold time = 180, keepalive interval is 60 seconds
  Last written 00:00:40, keepalive timer expiry due 00:00:19
  Received 19 messages, 0 notifications, 0 bytes in queue
  Sent 18 messages, 0 notifications, 0 bytes in queue
  Connections established 1, dropped 0
  Last reset by us never, due to No error
  Last reset by peer never, due to No error

  Neighbor capabilities:
  Dynamic capability: advertised (mp, refresh, gr) 
  Dynamic capability (old): advertised 
  Route refresh capability (new): advertised received 
  Route refresh capability (old): advertised received 
  4-Byte AS capability: advertised received 
  Address family IPv4 Unicast: advertised received 
  Graceful Restart capability: advertised 

  Graceful Restart Parameters:
  Address families advertised to peer:
    IPv4 Unicast  
  Address families received from peer:
  Forwarding state preserved by peer for:
  Restart time advertised to peer: 120 seconds
  Stale time for routes advertised by peer: 300 seconds
  Extended Next Hop Encoding Capability: advertised 

  Message statistics:
                              Sent               Rcvd
  Opens:                         1                  1  
  Notifications:                 0                  0  
  Updates:                       2                  2  
  Keepalives:                   15                 16  
  Route Refresh:                 0                  0  
  Capability:                    0                  0  
  Total:                        18                 19  
  Total bytes:                 338                364  
  Bytes in queue:                0                  0  

  For address family: IPv4 Unicast
  BGP table version 5, neighbor version 5
  1 accepted paths consume 80 bytes of memory
  1 sent paths
  Third-party Nexthop will not be computed.

  Local host: 10.2.2.2, Local port: 179
  Foreign host: 10.1.1.1, Foreign port: 38224
  fd = 60</msg>
<msg timestamp="20200513 11:48:19.949" level="INFO">nx-osv-1#</msg>
<msg timestamp="20200513 11:48:19.949" level="INFO">+++ nx-osv-1: execute command 'show bgp vrf all all summary' +++</msg>
<msg timestamp="20200513 11:48:20.290" level="INFO">show bgp vrf all all summary</msg>
<msg timestamp="20200513 11:48:20.290" level="INFO">BGP summary information for VRF default, address family IPv4 Unicast
BGP router identifier 10.2.2.2, local AS number 65000
BGP table version is 5, IPv4 Unicast config peers 1, capable peers 1
2 network entries and 2 paths using 288 bytes of memory
BGP attribute entries [2/288], BGP AS path entries [0/0]
BGP community entries [0/0], BGP clusterlist entries [0/0]

Neighbor        V    AS MsgRcvd MsgSent   TblVer  InQ OutQ Up/Down  State/PfxRcd
10.1.1.1        4 65000      19      18        5    0    0 00:13:42 1         

BGP summary information for VRF default, address family IPv6 Unicast</msg>
<msg timestamp="20200513 11:48:20.316" level="INFO">nx-osv-1#</msg>
<msg timestamp="20200513 11:48:20.316" level="INFO">+++ nx-osv-1: execute command 'show bgp vrf default all neighbors 10.1.1.1 advertised-routes' +++</msg>
<msg timestamp="20200513 11:48:20.910" level="INFO">show bgp vrf default all neighbors 10.1.1.1 advertised-routes</msg>
<msg timestamp="20200513 11:48:20.911" level="INFO">
Peer 10.1.1.1 routes for address family IPv4 Unicast:
BGP table version is 5, local router ID is 10.2.2.2
Status: s-suppressed, x-deleted, S-stale, d-dampened, h-history, *-valid, &gt;-best
Path type: i-internal, e-external, c-confed, l-local, a-aggregate, r-redist, I-injected
Origin codes: i - IGP, e - EGP, ? - incomplete, | - multipath, &amp; - backup

   Network            Next Hop            Metric     LocPrf     Weight Path
*&gt;l10.22.22.22/32     0.0.0.0                           100      32768 i


Peer 10.1.1.1 routes for address family IPv4 Multicast:

Peer 10.1.1.1 routes for address family IPv6 Unicast:
BGP table version is 2, local router ID is 10.2.2.2
Status: s-suppressed, x-deleted, S-stale, d-dampened, h-history, *-valid, &gt;-best
Path type: i-internal, e-external, c-confed, l-local, a-aggregate, r-redist, I-injected
Origin codes: i - IGP, e - EGP, ? - incomplete, | - multipath, &amp; - backup

   Network            Next Hop            Metric     LocPrf     Weight Path

Peer 10.1.1.1 routes for address family IPv6 Multicast:

Peer 10.1.1.1 routes for address family VPNv4 Unicast:

Peer 10.1.1.1 routes for address family VPNv6 Unicast:

Peer 10.1.1.1 routes for address family IPv4 MDT:

Peer 10.1.1.1 routes for address family IPv6 Label Unicast:

Peer 10.1.1.1 routes for address family L2VPN VPLS:

Peer 10.1.1.1 routes for address family IPv4 MVPN:

Peer 10.1.1.1 routes for address family IPv6 MVPN:

Peer 10.1.1.1 routes for address family IPv4 Label Unicast:

Peer 10.1.1.1 routes for address family L2VPN EVPN:</msg>
<msg timestamp="20200513 11:48:20.915" level="INFO">nx-osv-1#</msg>
<msg timestamp="20200513 11:48:20.915" level="INFO">+++ nx-osv-1: execute command 'show bgp vrf default all neighbors 10.1.1.1 routes' +++</msg>
<msg timestamp="20200513 11:48:21.314" level="INFO">show bgp vrf default all neighbors 10.1.1.1 routes</msg>
<msg timestamp="20200513 11:48:21.315" level="INFO">
Peer 10.1.1.1 routes for address family IPv4 Unicast:
BGP table version is 5, local router ID is 10.2.2.2
Status: s-suppressed, x-deleted, S-stale, d-dampened, h-history, *-valid, &gt;-best
Path type: i-internal, e-external, c-confed, l-local, a-aggregate, r-redist, I-injected
Origin codes: i - IGP, e - EGP, ? - incomplete, | - multipath, &amp; - backup

   Network            Next Hop            Metric     LocPrf     Weight Path
*&gt;i10.11.11.11/32     10.1.1.1                 0        100          0 i


Peer 10.1.1.1 routes for address family IPv4 Multicast:

Peer 10.1.1.1 routes for address family IPv6 Unicast:
BGP table version is 2, local router ID is 10.2.2.2
Status: s-suppressed, x-deleted, S-stale, d-dampened, h-history, *-valid, &gt;-best
Path type: i-internal, e-external, c-confed, l-local, a-aggregate, r-redist, I-injected
Origin codes: i - IGP, e - EGP, ? - incomplete, | - multipath, &amp; - backup

   Network            Next Hop            Metric     LocPrf     Weight Path

Peer 10.1.1.1 routes for address family IPv6 Multicast:

Peer 10.1.1.1 routes for address family VPNv4 Unicast:

Peer 10.1.1.1 routes for address family VPNv6 Unicast:

Peer 10.1.1.1 routes for address family IPv4 MDT:

Peer 10.1.1.1 routes for address family IPv6 Label Unicast:

Peer 10.1.1.1 routes for address family L2VPN VPLS:

Peer 10.1.1.1 routes for address family IPv4 MVPN:

Peer 10.1.1.1 routes for address family IPv6 MVPN:

Peer 10.1.1.1 routes for address family IPv4 Label Unicast:

Peer 10.1.1.1 routes for address family L2VPN EVPN:</msg>
<msg timestamp="20200513 11:48:21.316" level="INFO">nx-osv-1#</msg>
<msg timestamp="20200513 11:48:21.317" level="INFO">+++ nx-osv-1: execute command 'show bgp vrf default all neighbors 10.1.1.1 received-routes' +++</msg>
<msg timestamp="20200513 11:48:21.715" level="INFO">show bgp vrf default all neighbors 10.1.1.1 received-routes</msg>
<msg timestamp="20200513 11:48:21.715" level="INFO">
Inbound soft reconfiguration for IPv4 Unicast not enabled on 10.1.1.1

Inbound soft reconfiguration for IPv4 Multicast not enabled on 10.1.1.1

Inbound soft reconfiguration for IPv6 Unicast not enabled on 10.1.1.1

Inbound soft reconfiguration for IPv6 Multicast not enabled on 10.1.1.1

Inbound soft reconfiguration for VPNv4 Unicast not enabled on 10.1.1.1

Inbound soft reconfiguration for VPNv6 Unicast not enabled on 10.1.1.1

Inbound soft reconfiguration for IPv4 MDT not enabled on 10.1.1.1

Inbound soft reconfiguration for IPv6 Label Unicast not enabled on 10.1.1.1

Inbound soft reconfiguration for L2VPN VPLS not enabled on 10.1.1.1

Inbound soft reconfiguration for IPv4 MVPN not enabled on 10.1.1.1

Inbound soft reconfiguration for IPv6 MVPN not enabled on 10.1.1.1

Inbound soft reconfiguration for IPv4 Label Unicast not enabled on 10.1.1.1

Inbound soft reconfiguration for L2VPN EVPN not enabled on 10.1.1.1</msg>
<msg timestamp="20200513 11:48:21.716" level="INFO">Could not learn &lt;class 'genie.libs.parser.nxos.show_bgp.ShowBgpVrfAllNeighborsReceivedRoutes'&gt;
Parser Output is empty</msg>
<msg timestamp="20200513 11:48:21.716" level="INFO">nx-osv-1#</msg>
<msg timestamp="20200513 11:48:21.716" level="INFO">+++ nx-osv-1: execute command 'show bgp vrf management all neighbors' +++</msg>
<msg timestamp="20200513 11:48:22.242" level="INFO">show bgp vrf management all neighbors</msg>
<msg timestamp="20200513 11:48:22.243" level="INFO">Unknown vrf management</msg>
<msg timestamp="20200513 11:48:22.243" level="INFO">Could not learn &lt;class 'genie.libs.parser.nxos.show_bgp.ShowBgpVrfAllNeighbors'&gt;
Parser Output is empty</msg>
<msg timestamp="20200513 11:48:22.247" level="INFO">+====================================================================================================================================================+</msg>
<msg timestamp="20200513 11:48:22.247" level="INFO">| Commands for learning feature 'Bgp'                                                                                                                |</msg>
<msg timestamp="20200513 11:48:22.247" level="INFO">+====================================================================================================================================================+</msg>
<msg timestamp="20200513 11:48:22.247" level="INFO">| - Parsed commands                                                                                                                                  |</msg>
<msg timestamp="20200513 11:48:22.247" level="INFO">|----------------------------------------------------------------------------------------------------------------------------------------------------|</msg>
<msg timestamp="20200513 11:48:22.248" level="INFO">|   cmd: &lt;class 'genie.libs.parser.nxos.show_bgp.ShowBgpProcessVrfAll'&gt;, arguments: {'vrf':'all'}                                                    |</msg>
<msg timestamp="20200513 11:48:22.248" level="INFO">|   cmd: &lt;class 'genie.libs.parser.nxos.show_bgp.ShowBgpVrfAllAllNextHopDatabase'&gt;, arguments: {'address_family':'all','vrf':'all'}                  |</msg>
<msg timestamp="20200513 11:48:22.248" level="INFO">|   cmd: &lt;class 'genie.libs.parser.nxos.show_routing.ShowRoutingVrfAll'&gt;, arguments: {'vrf':'all'}                                                   |</msg>
<msg timestamp="20200513 11:48:22.248" level="INFO">|   cmd: &lt;class 'genie.libs.parser.nxos.show_bgp.ShowBgpVrfAllAll'&gt;, arguments: {'address_family':'all','vrf':'all'}                                 |</msg>
<msg timestamp="20200513 11:48:22.248" level="INFO">|   cmd: &lt;class 'genie.libs.parser.nxos.show_vrf.ShowVrf'&gt;, arguments: {'vrf':'all'}                                                                 |</msg>
<msg timestamp="20200513 11:48:22.249" level="INFO">|   cmd: &lt;class 'genie.libs.parser.nxos.show_bgp.ShowBgpVrfAllNeighbors'&gt;, arguments: {'address_family':'all','neighbor':'','vrf':'default'}         |</msg>
<msg timestamp="20200513 11:48:22.249" level="INFO">|   cmd: &lt;class 'genie.libs.parser.nxos.show_bgp.ShowBgpVrfAllAllSummary'&gt;, arguments: {'address_family':'all','vrf':'all'}                          |</msg>
<msg timestamp="20200513 11:48:22.249" level="INFO">|   cmd: &lt;class 'genie.libs.parser.nxos.show_bgp.ShowBgpVrfAllNeighborsAdvertisedRoutes'&gt;, arguments:                                                |</msg>
<msg timestamp="20200513 11:48:22.249" level="INFO">| {'address_family':'all','neighbor':'10.1.1.1','vrf':'default'}                                                                                     |</msg>
<msg timestamp="20200513 11:48:22.249" level="INFO">|   cmd: &lt;class 'genie.libs.parser.nxos.show_bgp.ShowBgpVrfAllNeighborsRoutes'&gt;, arguments:                                                          |</msg>
<msg timestamp="20200513 11:48:22.249" level="INFO">| {'address_family':'all','neighbor':'10.1.1.1','vrf':'default'}                                                                                     |</msg>
<msg timestamp="20200513 11:48:22.249" level="INFO">|====================================================================================================================================================|</msg>
<msg timestamp="20200513 11:48:22.250" level="INFO">| - Commands with empty output                                                                                                                       |</msg>
<msg timestamp="20200513 11:48:22.250" level="INFO">|----------------------------------------------------------------------------------------------------------------------------------------------------|</msg>
<msg timestamp="20200513 11:48:22.250" level="INFO">|   cmd: &lt;class 'genie.libs.parser.nxos.show_bgp.ShowBgpPeerSession'&gt;                                                                                |</msg>
<msg timestamp="20200513 11:48:22.250" level="INFO">|   cmd: &lt;class 'genie.libs.parser.nxos.show_bgp.ShowBgpPeerPolicy'&gt;                                                                                 |</msg>
<msg timestamp="20200513 11:48:22.250" level="INFO">|   cmd: &lt;class 'genie.libs.parser.nxos.show_bgp.ShowBgpVrfAllAllDampeningParameters'&gt;, arguments: {'address_family':'all','vrf':'all'}              |</msg>
<msg timestamp="20200513 11:48:22.250" level="INFO">|   cmd: &lt;class 'genie.libs.parser.nxos.show_bgp.ShowBgpVrfAllNeighborsReceivedRoutes'&gt;, arguments:                                                  |</msg>
<msg timestamp="20200513 11:48:22.251" level="INFO">| {'address_family':'all','neighbor':'10.1.1.1','vrf':'default'}                                                                                     |</msg>
<msg timestamp="20200513 11:48:22.251" level="INFO">|   cmd: &lt;class 'genie.libs.parser.nxos.show_bgp.ShowBgpVrfAllNeighbors'&gt;, arguments: {'address_family':'all','neighbor':'','vrf':'management'}      |</msg>
<msg timestamp="20200513 11:48:22.251" level="INFO">|====================================================================================================================================================|</msg>
<status status="PASS" starttime="20200513 11:48:04.215" endtime="20200513 11:48:22.252"></status>
</kw>
<kw name="verify count &quot;1&quot; &quot;bgp neighbors&quot; on device &quot;helper&quot;" library="genie.libs.robot.GenieRobot">
<doc>Verify that a specific number of &lt;...&gt; is &lt;...&gt; on a device.</doc>
<msg timestamp="20200513 11:48:22.468" level="INFO">csr1000v-1#</msg>
<msg timestamp="20200513 11:48:22.468" level="INFO">+++ csr1000v-1: execute command 'show bgp all summary' +++</msg>
<msg timestamp="20200513 11:48:23.007" level="INFO">show bgp all summary</msg>
<msg timestamp="20200513 11:48:23.008" level="INFO">For address family: IPv4 Unicast
BGP router identifier 10.1.1.1, local AS number 65000
BGP table version is 3, main routing table version 3
2 network entries using 496 bytes of memory
2 path entries using 272 bytes of memory
2/2 BGP path/bestpath attribute entries using 560 bytes of memory
0 BGP route-map cache entries using 0 bytes of memory
0 BGP filter-list cache entries using 0 bytes of memory
BGP using 1328 total bytes of memory
BGP activity 3/1 prefixes, 3/1 paths, scan interval 60 secs

Neighbor        V           AS MsgRcvd MsgSent   TblVer  InQ OutQ Up/Down  State/PfxRcd
10.2.2.2        4        65000      18      19        3    0    0 00:13:44        1</msg>
<msg timestamp="20200513 11:48:23.017" level="INFO">csr1000v-1#</msg>
<msg timestamp="20200513 11:48:23.017" level="INFO">+++ csr1000v-1: execute command 'show ip bgp template peer-session' +++</msg>
<msg timestamp="20200513 11:48:23.402" level="INFO">show ip bgp template peer-session</msg>
<msg timestamp="20200513 11:48:23.402" level="INFO">No templates configured</msg>
<msg timestamp="20200513 11:48:23.405" level="INFO">Could not learn &lt;class 'genie.libs.parser.iosxe.show_bgp.ShowIpBgpTemplatePeerSession'&gt;
Parser Output is empty</msg>
<msg timestamp="20200513 11:48:23.406" level="INFO">csr1000v-1#</msg>
<msg timestamp="20200513 11:48:23.406" level="INFO">+++ csr1000v-1: execute command 'show ip bgp template peer-policy' +++</msg>
<msg timestamp="20200513 11:48:23.924" level="INFO">show ip bgp template peer-policy</msg>
<msg timestamp="20200513 11:48:23.925" level="INFO">No templates configured</msg>
<msg timestamp="20200513 11:48:23.928" level="INFO">Could not learn &lt;class 'genie.libs.parser.iosxe.show_bgp.ShowIpBgpTemplatePeerPolicy'&gt;
Parser Output is empty</msg>
<msg timestamp="20200513 11:48:23.928" level="INFO">csr1000v-1#</msg>
<msg timestamp="20200513 11:48:23.928" level="INFO">+++ csr1000v-1: execute command 'show vrf detail | inc \(VRF' +++</msg>
<msg timestamp="20200513 11:48:24.341" level="INFO">show vrf detail | inc \(VRF</msg>
<msg timestamp="20200513 11:48:24.343" level="INFO">csr1000v-1#</msg>
<msg timestamp="20200513 11:48:24.344" level="INFO">+++ csr1000v-1: execute command 'show bgp all cluster-ids' +++</msg>
<msg timestamp="20200513 11:48:24.738" level="INFO">show bgp all cluster-ids</msg>
<msg timestamp="20200513 11:48:24.738" level="INFO">Global cluster-id: 10.1.1.1 (configured: 0.0.0.0)
BGP client-to-client reflection:         Configured    Used
  all (inter-cluster and intra-cluster): ENABLED
  intra-cluster:                         ENABLED       ENABLED

List of cluster-ids:
Cluster-id     #-neighbors C2C-rfl-CFG C2C-rfl-USE</msg>
<msg timestamp="20200513 11:48:24.739" level="INFO">csr1000v-1#</msg>
<msg timestamp="20200513 11:48:24.739" level="INFO">+++ csr1000v-1: execute command 'show ip bgp all dampening parameters' +++</msg>
<msg timestamp="20200513 11:48:25.144" level="INFO">show ip bgp all dampening parameters</msg>
<msg timestamp="20200513 11:48:25.144" level="INFO">For address family: IPv4 Unicast

% dampening not enabled for base

For address family: IPv6 Unicast

% dampening not enabled for base

For address family: IPv4 Multicast

% dampening not enabled for base

For address family: L2VPN E-VPN

% dampening not enabled for base

For address family: MVPNv4 Unicast

% dampening not enabled for base

For address family: MVPNv6 Unicast

% dampening not enabled for base</msg>
<msg timestamp="20200513 11:48:25.147" level="INFO">Could not learn &lt;class 'genie.libs.parser.iosxe.show_bgp.ShowIpBgpAllDampeningParameters'&gt;
Parser Output is empty</msg>
<msg timestamp="20200513 11:48:25.148" level="INFO">csr1000v-1#</msg>
<msg timestamp="20200513 11:48:25.148" level="INFO">+++ csr1000v-1: execute command 'show bgp all neighbors' +++</msg>
<msg timestamp="20200513 11:48:25.652" level="INFO">show bgp all neighbors</msg>
<msg timestamp="20200513 11:48:25.653" level="INFO">For address family: IPv4 Unicast
BGP neighbor is 10.2.2.2,  remote AS 65000, internal link
  BGP version 4, remote router ID 10.2.2.2
  BGP state = Established, up for 00:13:47
  Last read 00:00:46, last write 00:00:54, hold time is 180, keepalive interval is 60 seconds
  Neighbor sessions:
    1 active, is not multisession capable (disabled)
  Neighbor capabilities:
    Route refresh: advertised and received(new)
    Four-octets ASN Capability: advertised and received
    Address family IPv4 Unicast: advertised and received
    Graceful Restart Capability: received
      Remote Restart timer is 120 seconds
      Address families advertised by peer:
        IPv4 Unicast (was not preserved
    Enhanced Refresh Capability: advertised
    Multisession Capability: 
    Stateful switchover support enabled: NO for session 1
  Message statistics:
    InQ depth is 0
    OutQ depth is 0
    
                         Sent       Rcvd
    Opens:                  1          1
    Notifications:          0          0
    Updates:                2          2
    Keepalives:            16         15
    Route Refresh:          0          0
    Total:                 19         18
  Do log neighbor state changes (via global configuration)
  Default minimum time between advertisement runs is 0 seconds

  Address tracking is enabled, the RIB does have a route to 10.2.2.2
  Route to peer address reachability Up: 2; Down: 0
    Last notification 00:13:56
  Connections established 1; dropped 0
  Last reset never
  Interface associated: (none) (peering address NOT in same link)
  Transport(tcp) path-mtu-discovery is enabled
  Graceful-Restart is disabled
  SSO is disabled
Connection state is ESTAB, I/O status: 1, unread input bytes: 0            
Connection is ECN Disabled, Mininum incoming TTL 0, Outgoing TTL 255
Local host: 10.1.1.1, Local port: 38224
Foreign host: 10.2.2.2, Foreign port: 179
Connection tableid (VRF): 0
Maximum output segment queue size: 50

Enqueued packets for retransmit: 0, input: 0  mis-ordered: 0 (0 bytes)

Event Timers (current time is 0x103EC0):
Timer          Starts    Wakeups            Next
Retrans            17          0             0x0
TimeWait            0          0             0x0
AckHold            17         15             0x0
SendWnd             0          0             0x0
KeepAlive           0          0             0x0
GiveUp              0          0             0x0
PmtuAger            1          1             0x0
DeadWait            0          0             0x0
Linger              0          0             0x0
ProcessQ            0          0             0x0

iss: 3082556106  snduna: 3082556547  sndnxt: 3082556547
irs: 1848876268  rcvnxt: 1848876696

sndwnd:  16616  scale:      0  maxrcvwnd:  16384
rcvwnd:  15957  scale:      0  delrcvwnd:    427

SRTT: 897 ms, RTTO: 1680 ms, RTV: 783 ms, KRTT: 0 ms
minRTT: 10 ms, maxRTT: 1000 ms, ACK hold: 200 ms
uptime: 827619 ms, Sent idletime: 45937 ms, Receive idletime: 46138 ms 
Status Flags: active open
Option Flags: nagle, path mtu capable
IP Precedence value : 6

Datagrams (max data segment is 536 bytes):
Rcvd: 33 (out of order: 0), with data: 16, total data bytes: 427
Sent: 35 (retransmit: 0, fastretransmit: 0, partialack: 0, Second Congestion: 0), with data: 18, total data bytes: 440

 Packets received in fast path: 0, fast processed: 0, slow path: 0
 fast lock acquisition failures: 0, slow path: 0
TCP Semaphore      0x7F760E5E4DC8  FREE 


For address family: IPv6 Unicast

For address family: IPv4 Multicast

For address family: L2VPN E-VPN

For address family: MVPNv4 Unicast

For address family: MVPNv6 Unicast</msg>
<msg timestamp="20200513 11:48:25.749" level="INFO">csr1000v-1#</msg>
<msg timestamp="20200513 11:48:25.749" level="INFO">+++ csr1000v-1: execute command 'show bgp all neighbors 10.2.2.2 policy' +++</msg>
<msg timestamp="20200513 11:48:26.038" level="INFO">show bgp all neighbors 10.2.2.2 policy</msg>
<msg timestamp="20200513 11:48:26.038" level="INFO"> Neighbor: 10.2.2.2, Address-Family: IPv4 Unicast</msg>
<msg timestamp="20200513 11:48:26.039" level="INFO">Could not learn &lt;class 'genie.libs.parser.iosxe.show_bgp.ShowBgpAllNeighborsPolicy'&gt;
Parser Output is empty</msg>
<msg timestamp="20200513 11:48:26.039" level="INFO">csr1000v-1#</msg>
<msg timestamp="20200513 11:48:26.039" level="INFO">+++ csr1000v-1: execute command 'show bgp all' +++</msg>
<msg timestamp="20200513 11:48:26.479" level="INFO">show bgp all</msg>
<msg timestamp="20200513 11:48:26.479" level="INFO">For address family: IPv4 Unicast

BGP table version is 3, local router ID is 10.1.1.1
Status codes: s suppressed, d damped, h history, * valid, &gt; best, i - internal, 
              r RIB-failure, S Stale, m multipath, b backup-path, f RT-Filter, 
              x best-external, a additional-path, c RIB-compressed, 
              t secondary path, L long-lived-stale,
Origin codes: i - IGP, e - EGP, ? - incomplete
RPKI validation codes: V valid, I invalid, N Not found

     Network          Next Hop            Metric LocPrf Weight Path
 *&gt;   10.11.11.11/32   0.0.0.0                  0         32768 i
 *&gt;i  10.22.22.22/32   10.2.2.2                      100      0 i

For address family: IPv6 Unicast


For address family: IPv4 Multicast


For address family: L2VPN E-VPN


For address family: MVPNv4 Unicast


For address family: MVPNv6 Unicast</msg>
<msg timestamp="20200513 11:48:26.485" level="INFO">csr1000v-1#</msg>
<msg timestamp="20200513 11:48:26.485" level="INFO">+++ csr1000v-1: execute command 'show bgp all detail' +++</msg>
<msg timestamp="20200513 11:48:26.863" level="INFO">show bgp all detail</msg>
<msg timestamp="20200513 11:48:26.864" level="INFO">For address family: IPv4 Unicast

BGP routing table entry for 10.11.11.11/32, version 2
  Paths: (1 available, best #1, table default)
  Advertised to update-groups:
     1         
  Refresh Epoch 1
  Local
    0.0.0.0 from 0.0.0.0 (10.1.1.1)
      Origin IGP, metric 0, localpref 100, weight 32768, valid, sourced, local, best
      rx pathid: 0, tx pathid: 0x0
BGP routing table entry for 10.22.22.22/32, version 3
  Paths: (1 available, best #1, table default)
  Not advertised to any peer
  Refresh Epoch 1
  Local
    10.2.2.2 (metric 2) from 10.2.2.2 (10.2.2.2)
      Origin IGP, localpref 100, valid, internal, best
      rx pathid: 0, tx pathid: 0x0

For address family: IPv6 Unicast


For address family: IPv4 Multicast


For address family: L2VPN E-VPN


For address family: MVPNv4 Unicast


For address family: MVPNv6 Unicast</msg>
<msg timestamp="20200513 11:48:26.924" level="INFO">csr1000v-1#</msg>
<msg timestamp="20200513 11:48:26.925" level="INFO">+++ csr1000v-1: execute command 'show bgp all neighbors 10.2.2.2 advertised-routes' +++</msg>
<msg timestamp="20200513 11:48:27.447" level="INFO">show bgp all neighbors 10.2.2.2 advertised-routes</msg>
<msg timestamp="20200513 11:48:27.447" level="INFO">For address family: IPv4 Unicast
BGP table version is 3, local router ID is 10.1.1.1
Status codes: s suppressed, d damped, h history, * valid, &gt; best, i - internal, 
              r RIB-failure, S Stale, m multipath, b backup-path, f RT-Filter, 
              x best-external, a additional-path, c RIB-compressed, 
              t secondary path, L long-lived-stale,
Origin codes: i - IGP, e - EGP, ? - incomplete
RPKI validation codes: V valid, I invalid, N Not found

     Network          Next Hop            Metric LocPrf Weight Path
 *&gt;   10.11.11.11/32   0.0.0.0                  0         32768 i

Total number of prefixes 1</msg>
<msg timestamp="20200513 11:48:27.451" level="INFO">csr1000v-1#</msg>
<msg timestamp="20200513 11:48:27.451" level="INFO">+++ csr1000v-1: execute command 'show bgp all neighbors | i BGP neighbor' +++</msg>
<msg timestamp="20200513 11:48:27.841" level="INFO">show bgp all neighbors | i BGP neighbor</msg>
<msg timestamp="20200513 11:48:27.841" level="INFO">BGP neighbor is 10.2.2.2,  remote AS 65000, internal link</msg>
<msg timestamp="20200513 11:48:27.849" level="INFO">csr1000v-1#</msg>
<msg timestamp="20200513 11:48:27.849" level="INFO">+++ csr1000v-1: execute command 'show bgp all neighbors 10.2.2.2 routes' +++</msg>
<msg timestamp="20200513 11:48:28.269" level="INFO">show bgp all neighbors 10.2.2.2 routes</msg>
<msg timestamp="20200513 11:48:28.269" level="INFO">For address family: IPv4 Unicast
BGP table version is 3, local router ID is 10.1.1.1
Status codes: s suppressed, d damped, h history, * valid, &gt; best, i - internal, 
              r RIB-failure, S Stale, m multipath, b backup-path, f RT-Filter, 
              x best-external, a additional-path, c RIB-compressed, 
              t secondary path, L long-lived-stale,
Origin codes: i - IGP, e - EGP, ? - incomplete
RPKI validation codes: V valid, I invalid, N Not found

     Network          Next Hop            Metric LocPrf Weight Path
 *&gt;i  10.22.22.22/32   10.2.2.2                      100      0 i

Total number of prefixes 1</msg>
<msg timestamp="20200513 11:48:28.270" level="INFO">csr1000v-1#</msg>
<msg timestamp="20200513 11:48:28.270" level="INFO">+++ csr1000v-1: execute command 'show bgp all neighbors | i BGP neighbor' +++</msg>
<msg timestamp="20200513 11:48:28.777" level="INFO">show bgp all neighbors | i BGP neighbor</msg>
<msg timestamp="20200513 11:48:28.777" level="INFO">BGP neighbor is 10.2.2.2,  remote AS 65000, internal link</msg>
<msg timestamp="20200513 11:48:28.783" level="INFO">csr1000v-1#</msg>
<msg timestamp="20200513 11:48:28.783" level="INFO">+++ csr1000v-1: execute command 'show bgp all neighbors 10.2.2.2 received-routes' +++</msg>
<msg timestamp="20200513 11:48:29.180" level="INFO">show bgp all neighbors 10.2.2.2 received-routes</msg>
<msg timestamp="20200513 11:48:29.180" level="INFO">For address family: IPv4 Unicast
% Inbound soft reconfiguration not enabled on 10.2.2.2</msg>
<msg timestamp="20200513 11:48:29.182" level="INFO">csr1000v-1#</msg>
<msg timestamp="20200513 11:48:29.182" level="INFO">+++ csr1000v-1: execute command 'show bgp all neighbors | i BGP neighbor' +++</msg>
<msg timestamp="20200513 11:48:29.494" level="INFO">show bgp all neighbors | i BGP neighbor</msg>
<msg timestamp="20200513 11:48:29.494" level="INFO">BGP neighbor is 10.2.2.2,  remote AS 65000, internal link</msg>
<msg timestamp="20200513 11:48:29.494" level="INFO">Could not learn &lt;class 'genie.libs.parser.iosxe.show_bgp.ShowBgpAllNeighborsReceivedRoutes'&gt;
Parser Output is empty</msg>
<msg timestamp="20200513 11:48:29.495" level="INFO">+====================================================================================================================================================+</msg>
<msg timestamp="20200513 11:48:29.495" level="INFO">| Commands for learning feature 'Bgp'                                                                                                                |</msg>
<msg timestamp="20200513 11:48:29.495" level="INFO">+====================================================================================================================================================+</msg>
<msg timestamp="20200513 11:48:29.496" level="INFO">| - Parsed commands                                                                                                                                  |</msg>
<msg timestamp="20200513 11:48:29.496" level="INFO">|----------------------------------------------------------------------------------------------------------------------------------------------------|</msg>
<msg timestamp="20200513 11:48:29.496" level="INFO">|   cmd: &lt;class 'genie.libs.parser.iosxe.show_bgp.ShowBgpAllSummary'&gt;, arguments: {'address_family':'','vrf':''}                                     |</msg>
<msg timestamp="20200513 11:48:29.496" level="INFO">|   cmd: &lt;class 'genie.libs.parser.iosxe.show_bgp.ShowBgpAllClusterIds'&gt;                                                                             |</msg>
<msg timestamp="20200513 11:48:29.496" level="INFO">|   cmd: &lt;class 'genie.libs.parser.iosxe.show_bgp.ShowBgpAllNeighbors'&gt;, arguments: {'address_family':'','neighbor':''}                              |</msg>
<msg timestamp="20200513 11:48:29.497" level="INFO">|   cmd: &lt;class 'genie.libs.parser.iosxe.show_bgp.ShowBgpAll'&gt;, arguments: {'address_family':''}                                                     |</msg>
<msg timestamp="20200513 11:48:29.497" level="INFO">|   cmd: &lt;class 'genie.libs.parser.iosxe.show_bgp.ShowBgpAllDetail'&gt;, arguments: {'address_family':'','vrf':''}                                      |</msg>
<msg timestamp="20200513 11:48:29.497" level="INFO">|   cmd: &lt;class 'genie.libs.parser.iosxe.show_bgp.ShowBgpAllNeighborsAdvertisedRoutes'&gt;, arguments: {'address_family':'','neighbor':'10.2.2.2'}      |</msg>
<msg timestamp="20200513 11:48:29.497" level="INFO">|   cmd: &lt;class 'genie.libs.parser.iosxe.show_bgp.ShowBgpAllNeighborsRoutes'&gt;, arguments: {'address_family':'','neighbor':'10.2.2.2'}                |</msg>
<msg timestamp="20200513 11:48:29.497" level="INFO">|====================================================================================================================================================|</msg>
<msg timestamp="20200513 11:48:29.497" level="INFO">| - Commands with empty output                                                                                                                       |</msg>
<msg timestamp="20200513 11:48:29.497" level="INFO">|----------------------------------------------------------------------------------------------------------------------------------------------------|</msg>
<msg timestamp="20200513 11:48:29.497" level="INFO">|   cmd: &lt;class 'genie.libs.parser.iosxe.show_bgp.ShowIpBgpTemplatePeerSession'&gt;                                                                     |</msg>
<msg timestamp="20200513 11:48:29.497" level="INFO">|   cmd: &lt;class 'genie.libs.parser.iosxe.show_bgp.ShowIpBgpTemplatePeerPolicy'&gt;                                                                      |</msg>
<msg timestamp="20200513 11:48:29.497" level="INFO">|   cmd: &lt;class 'genie.libs.parser.iosxe.show_bgp.ShowIpBgpAllDampeningParameters'&gt;                                                                  |</msg>
<msg timestamp="20200513 11:48:29.498" level="INFO">|   cmd: &lt;class 'genie.libs.parser.iosxe.show_bgp.ShowBgpAllNeighborsPolicy'&gt;, arguments: {'neighbor':'10.2.2.2'}                                    |</msg>
<msg timestamp="20200513 11:48:29.498" level="INFO">|   cmd: &lt;class 'genie.libs.parser.iosxe.show_bgp.ShowBgpAllNeighborsReceivedRoutes'&gt;, arguments: {'address_family':'','neighbor':'10.2.2.2'}        |</msg>
<msg timestamp="20200513 11:48:29.498" level="INFO">|====================================================================================================================================================|</msg>
<status status="PASS" starttime="20200513 11:48:22.252" endtime="20200513 11:48:29.500"></status>
</kw>
<status status="PASS" starttime="20200513 11:48:04.213" endtime="20200513 11:48:29.500" critical="yes"></status>
</test>
<test id="s1-t6" name="Verify the counts of Bgp routes for nx-osv-1&amp;helper">
<kw name="verify count &quot;2&quot; &quot;bgp routes&quot; on device &quot;nx-osv-1&quot;" library="genie.libs.robot.GenieRobot">
<doc>Verify that a specific number of &lt;...&gt; is &lt;...&gt; on a device.</doc>
<msg timestamp="20200513 11:48:29.515" level="INFO">nx-osv-1#</msg>
<msg timestamp="20200513 11:48:29.516" level="INFO">+++ nx-osv-1: execute command 'show bgp process vrf all' +++</msg>
<msg timestamp="20200513 11:48:29.976" level="INFO">show bgp process vrf all</msg>
<msg timestamp="20200513 11:48:29.976" level="INFO">
BGP Process Information
BGP Process ID                 : 7726
BGP Protocol Started, reason:  : configuration
BGP Protocol Tag               : 65000
BGP Protocol State             : Running
BGP MMODE                      : Not Initialized
BGP Memory State               : OK
BGP asformat                   : asplain

BGP attributes information
Number of attribute entries    : 2
HWM of attribute entries       : 2
Bytes used by entries          : 200
Entries pending delete         : 0
HWM of entries pending delete  : 0
BGP paths per attribute HWM    : 1
BGP AS path entries            : 0
Bytes used by AS path entries  : 0

Information regarding configured VRFs:

BGP Information for VRF default
VRF Id                         : 1
VRF state                      : UP
Router-ID                      : 10.2.2.2
Configured Router-ID           : 10.2.2.2
Confed-ID                      : 0
Cluster-ID                     : 0.0.0.0
No. of configured peers        : 1
No. of pending config peers    : 0
No. of established peers       : 1
VRF RD                         : Not configured

    Information for address family IPv4 Unicast in VRF default
    Table Id                   : 1
    Table state                : UP
    Peers      Active-peers    Routes     Paths      Networks   Aggregates
    1          1               2          2          1          0         

    Redistribution                
        None

    Wait for IGP convergence is not configured


    Nexthop trigger-delay
        critical 3000 ms
        non-critical 10000 ms

    Information for address family IPv6 Unicast in VRF default
    Table Id                   : 80000001
    Table state                : UP
    Peers      Active-peers    Routes     Paths      Networks   Aggregates
    0          0               0          0          0          0         

    Redistribution                
        None

    Wait for IGP convergence is not configured


    Nexthop trigger-delay
        critical 3000 ms
        non-critical 10000 ms</msg>
<msg timestamp="20200513 11:48:29.981" level="INFO">nx-osv-1#</msg>
<msg timestamp="20200513 11:48:29.981" level="INFO">+++ nx-osv-1: execute command 'show running-config | inc peer-session' +++</msg>
<msg timestamp="20200513 11:48:30.383" level="INFO">show running-config | inc peer-session</msg>
<msg timestamp="20200513 11:48:30.383" level="INFO">Could not learn &lt;class 'genie.libs.parser.nxos.show_bgp.ShowBgpPeerSession'&gt;
Parser Output is empty</msg>
<msg timestamp="20200513 11:48:30.383" level="INFO">nx-osv-1#</msg>
<msg timestamp="20200513 11:48:30.383" level="INFO">+++ nx-osv-1: execute command 'show running-config | inc peer-policy' +++</msg>
<msg timestamp="20200513 11:48:30.823" level="INFO">show running-config | inc peer-policy</msg>
<msg timestamp="20200513 11:48:30.823" level="INFO">Could not learn &lt;class 'genie.libs.parser.nxos.show_bgp.ShowBgpPeerPolicy'&gt;
Parser Output is empty</msg>
<msg timestamp="20200513 11:48:30.824" level="INFO">nx-osv-1#</msg>
<msg timestamp="20200513 11:48:30.824" level="INFO">+++ nx-osv-1: execute command 'show bgp vrf all all dampening parameters' +++</msg>
<msg timestamp="20200513 11:48:31.194" level="INFO">show bgp vrf all all dampening parameters</msg>
<msg timestamp="20200513 11:48:31.194" level="INFO">Could not learn &lt;class 'genie.libs.parser.nxos.show_bgp.ShowBgpVrfAllAllDampeningParameters'&gt;
Parser Output is empty</msg>
<msg timestamp="20200513 11:48:31.195" level="INFO">nx-osv-1#</msg>
<msg timestamp="20200513 11:48:31.195" level="INFO">+++ nx-osv-1: execute command 'show bgp vrf all all nexthop-database' +++</msg>
<msg timestamp="20200513 11:48:31.601" level="INFO">show bgp vrf all all nexthop-database</msg>
<msg timestamp="20200513 11:48:31.601" level="INFO">
Next Hop table for VRF default, address family IPv4 Unicast:
Next-hop trigger-delay(miliseconds)
  Critical: 3000 Non-critical: 10000
IPv4 Next-hop table

Nexthop: 0.0.0.0, Flags: 0x2, Refcount: 1, IGP cost: 0
IGP Route type: 0, IGP preference: 0
Nexthop is not-attached local unreachable not-labeled
Nexthop last resolved: never, using 0.0.0.0/0
Metric next advertise: Never
RNH epoch: 0

Nexthop: 10.1.1.1, Flags: 0x1, Refcount: 1, IGP cost: 41
IGP Route type: 0, IGP preference: 110
Attached nexthop: 10.0.2.1, Interface: Ethernet2/2
Attached nexthop: 10.0.1.1, Interface: Ethernet2/1
Nexthop is not-attached not-local reachable not-labeled
Nexthop last resolved: 00:13:48, using 10.1.1.1/32
Metric next advertise: Never
RNH epoch: 1
IPv6 Next-hop table

Next Hop table for VRF default, address family IPv6 Unicast:
Next-hop trigger-delay(miliseconds)
  Critical: 3000 Non-critical: 10000
IPv4 Next-hop table
IPv6 Next-hop table</msg>
<msg timestamp="20200513 11:48:31.604" level="INFO">nx-osv-1#</msg>
<msg timestamp="20200513 11:48:31.604" level="INFO">+++ nx-osv-1: execute command 'show routing vrf all' +++</msg>
<msg timestamp="20200513 11:48:32.058" level="INFO">show routing vrf all</msg>
<msg timestamp="20200513 11:48:32.058" level="INFO">IP Route Table for VRF "default"
'*' denotes best ucast next-hop
'**' denotes best mcast next-hop
'[x/y]' denotes [preference/metric]
'%&lt;string&gt;' in via output denotes VRF &lt;string&gt;

10.0.1.0/24, ubest/mbest: 1/0, attached
    *via 10.0.1.2, Eth2/1, [0/0], 00:15:00, direct
10.0.1.2/32, ubest/mbest: 1/0, attached
    *via 10.0.1.2, Eth2/1, [0/0], 00:15:00, local
10.0.2.0/24, ubest/mbest: 1/0, attached
    *via 10.0.2.2, Eth2/2, [0/0], 00:14:59, direct
10.0.2.2/32, ubest/mbest: 1/0, attached
    *via 10.0.2.2, Eth2/2, [0/0], 00:14:59, local
10.1.1.1/32, ubest/mbest: 2/0
    *via 10.0.1.1, Eth2/1, [110/41], 00:13:57, ospf-1, intra
    *via 10.0.2.1, Eth2/2, [110/41], 00:13:57, ospf-1, intra
10.2.2.2/32, ubest/mbest: 2/0, attached
    *via 10.2.2.2, Lo0, [0/0], 00:14:52, local
    *via 10.2.2.2, Lo0, [0/0], 00:14:52, direct
10.11.11.11/32, ubest/mbest: 1/0
    *via 10.1.1.1, [200/0], 00:13:52, bgp-65000, internal, tag 65000, 
10.22.22.22/32, ubest/mbest: 2/0, attached
    *via 10.22.22.22, Lo1, [0/0], 00:14:52, local
    *via 10.22.22.22, Lo1, [0/0], 00:14:52, direct</msg>
<msg timestamp="20200513 11:48:32.064" level="INFO">nx-osv-1#</msg>
<msg timestamp="20200513 11:48:32.064" level="INFO">+++ nx-osv-1: execute command 'show bgp vrf all all' +++</msg>
<msg timestamp="20200513 11:48:33.476" level="INFO">show bgp vrf all all</msg>
<msg timestamp="20200513 11:48:33.476" level="INFO">BGP routing table information for VRF default, address family IPv4 Unicast
BGP table version is 5, local router ID is 10.2.2.2
Status: s-suppressed, x-deleted, S-stale, d-dampened, h-history, *-valid, &gt;-best
Path type: i-internal, e-external, c-confed, l-local, a-aggregate, r-redist, I-injected
Origin codes: i - IGP, e - EGP, ? - incomplete, | - multipath, &amp; - backup

   Network            Next Hop            Metric     LocPrf     Weight Path
*&gt;i10.11.11.11/32     10.1.1.1                 0        100          0 i
*&gt;l10.22.22.22/32     0.0.0.0                           100      32768 i</msg>
<msg timestamp="20200513 11:48:33.478" level="INFO">nx-osv-1#</msg>
<msg timestamp="20200513 11:48:33.478" level="INFO">+++ nx-osv-1: execute command 'show vrf all' +++</msg>
<msg timestamp="20200513 11:48:34.063" level="INFO">show vrf all</msg>
<msg timestamp="20200513 11:48:34.064" level="INFO">VRF-Name                           VRF-ID State   Reason                        
default                                 1 Up      --                            
management                              2 Up      --</msg>
<msg timestamp="20200513 11:48:34.076" level="INFO">nx-osv-1#</msg>
<msg timestamp="20200513 11:48:34.077" level="INFO">+++ nx-osv-1: execute command 'show bgp vrf default all neighbors' +++</msg>
<msg timestamp="20200513 11:48:34.478" level="INFO">show bgp vrf default all neighbors</msg>
<msg timestamp="20200513 11:48:34.478" level="INFO">BGP neighbor is 10.1.1.1,  remote AS 65000, ibgp link, Peer index 1
  BGP version 4, remote router ID 10.1.1.1
  BGP state = Established, up for 00:13:56
  Using loopback0 as update source for this peer
  Last read 00:00:07, hold time = 180, keepalive interval is 60 seconds
  Last written 00:00:55, keepalive timer expiry due 00:00:04
  Received 20 messages, 0 notifications, 0 bytes in queue
  Sent 18 messages, 0 notifications, 0 bytes in queue
  Connections established 1, dropped 0
  Last reset by us never, due to No error
  Last reset by peer never, due to No error

  Neighbor capabilities:
  Dynamic capability: advertised (mp, refresh, gr) 
  Dynamic capability (old): advertised 
  Route refresh capability (new): advertised received 
  Route refresh capability (old): advertised received 
  4-Byte AS capability: advertised received 
  Address family IPv4 Unicast: advertised received 
  Graceful Restart capability: advertised 

  Graceful Restart Parameters:
  Address families advertised to peer:
    IPv4 Unicast  
  Address families received from peer:
  Forwarding state preserved by peer for:
  Restart time advertised to peer: 120 seconds
  Stale time for routes advertised by peer: 300 seconds
  Extended Next Hop Encoding Capability: advertised 

  Message statistics:
                              Sent               Rcvd
  Opens:                         1                  1  
  Notifications:                 0                  0  
  Updates:                       2                  2  
  Keepalives:                   15                 17  
  Route Refresh:                 0                  0  
  Capability:                    0                  0  
  Total:                        18                 20  
  Total bytes:                 338                383  
  Bytes in queue:                0                  0  

  For address family: IPv4 Unicast
  BGP table version 5, neighbor version 5
  1 accepted paths consume 80 bytes of memory
  1 sent paths
  Third-party Nexthop will not be computed.

  Local host: 10.2.2.2, Local port: 179
  Foreign host: 10.1.1.1, Foreign port: 38224
  fd = 60</msg>
<msg timestamp="20200513 11:48:34.486" level="INFO">nx-osv-1#</msg>
<msg timestamp="20200513 11:48:34.486" level="INFO">+++ nx-osv-1: execute command 'show bgp vrf all all summary' +++</msg>
<msg timestamp="20200513 11:48:35.037" level="INFO">show bgp vrf all all summary</msg>
<msg timestamp="20200513 11:48:35.038" level="INFO">BGP summary information for VRF default, address family IPv4 Unicast
BGP router identifier 10.2.2.2, local AS number 65000
BGP table version is 5, IPv4 Unicast config peers 1, capable peers 1
2 network entries and 2 paths using 288 bytes of memory
BGP attribute entries [2/288], BGP AS path entries [0/0]
BGP community entries [0/0], BGP clusterlist entries [0/0]

Neighbor        V    AS MsgRcvd MsgSent   TblVer  InQ OutQ Up/Down  State/PfxRcd
10.1.1.1        4 65000      20      18        5    0    0 00:13:56 1         

BGP summary information for VRF default, address family IPv6 Unicast</msg>
<msg timestamp="20200513 11:48:35.059" level="INFO">nx-osv-1#</msg>
<msg timestamp="20200513 11:48:35.059" level="INFO">+++ nx-osv-1: execute command 'show bgp vrf default all neighbors 10.1.1.1 advertised-routes' +++</msg>
<msg timestamp="20200513 11:48:35.654" level="INFO">show bgp vrf default all neighbors 10.1.1.1 advertised-routes</msg>
<msg timestamp="20200513 11:48:35.655" level="INFO">
Peer 10.1.1.1 routes for address family IPv4 Unicast:
BGP table version is 5, local router ID is 10.2.2.2
Status: s-suppressed, x-deleted, S-stale, d-dampened, h-history, *-valid, &gt;-best
Path type: i-internal, e-external, c-confed, l-local, a-aggregate, r-redist, I-injected
Origin codes: i - IGP, e - EGP, ? - incomplete, | - multipath, &amp; - backup

   Network            Next Hop            Metric     LocPrf     Weight Path
*&gt;l10.22.22.22/32     0.0.0.0                           100      32768 i


Peer 10.1.1.1 routes for address family IPv4 Multicast:

Peer 10.1.1.1 routes for address family IPv6 Unicast:
BGP table version is 2, local router ID is 10.2.2.2
Status: s-suppressed, x-deleted, S-stale, d-dampened, h-history, *-valid, &gt;-best
Path type: i-internal, e-external, c-confed, l-local, a-aggregate, r-redist, I-injected
Origin codes: i - IGP, e - EGP, ? - incomplete, | - multipath, &amp; - backup

   Network            Next Hop            Metric     LocPrf     Weight Path

Peer 10.1.1.1 routes for address family IPv6 Multicast:

Peer 10.1.1.1 routes for address family VPNv4 Unicast:

Peer 10.1.1.1 routes for address family VPNv6 Unicast:

Peer 10.1.1.1 routes for address family IPv4 MDT:

Peer 10.1.1.1 routes for address family IPv6 Label Unicast:

Peer 10.1.1.1 routes for address family L2VPN VPLS:

Peer 10.1.1.1 routes for address family IPv4 MVPN:

Peer 10.1.1.1 routes for address family IPv6 MVPN:

Peer 10.1.1.1 routes for address family IPv4 Label Unicast:

Peer 10.1.1.1 routes for address family L2VPN EVPN:</msg>
<msg timestamp="20200513 11:48:35.659" level="INFO">nx-osv-1#</msg>
<msg timestamp="20200513 11:48:35.659" level="INFO">+++ nx-osv-1: execute command 'show bgp vrf default all neighbors 10.1.1.1 routes' +++</msg>
<msg timestamp="20200513 11:48:37.284" level="INFO">show bgp vrf default all neighbors 10.1.1.1 routes</msg>
<msg timestamp="20200513 11:48:37.284" level="INFO">
Peer 10.1.1.1 routes for address family IPv4 Unicast:
BGP table version is 5, local router ID is 10.2.2.2
Status: s-suppressed, x-deleted, S-stale, d-dampened, h-history, *-valid, &gt;-best
Path type: i-internal, e-external, c-confed, l-local, a-aggregate, r-redist, I-injected
Origin codes: i - IGP, e - EGP, ? - incomplete, | - multipath, &amp; - backup

   Network            Next Hop            Metric     LocPrf     Weight Path
*&gt;i10.11.11.11/32     10.1.1.1                 0        100          0 i


Peer 10.1.1.1 routes for address family IPv4 Multicast:

Peer 10.1.1.1 routes for address family IPv6 Unicast:
BGP table version is 2, local router ID is 10.2.2.2
Status: s-suppressed, x-deleted, S-stale, d-dampened, h-history, *-valid, &gt;-best
Path type: i-internal, e-external, c-confed, l-local, a-aggregate, r-redist, I-injected
Origin codes: i - IGP, e - EGP, ? - incomplete, | - multipath, &amp; - backup

   Network            Next Hop            Metric     LocPrf     Weight Path

Peer 10.1.1.1 routes for address family IPv6 Multicast:

Peer 10.1.1.1 routes for address family VPNv4 Unicast:

Peer 10.1.1.1 routes for address family VPNv6 Unicast:

Peer 10.1.1.1 routes for address family IPv4 MDT:

Peer 10.1.1.1 routes for address family IPv6 Label Unicast:

Peer 10.1.1.1 routes for address family L2VPN VPLS:

Peer 10.1.1.1 routes for address family IPv4 MVPN:

Peer 10.1.1.1 routes for address family IPv6 MVPN:

Peer 10.1.1.1 routes for address family IPv4 Label Unicast:

Peer 10.1.1.1 routes for address family L2VPN EVPN:</msg>
<msg timestamp="20200513 11:48:37.285" level="INFO">nx-osv-1#</msg>
<msg timestamp="20200513 11:48:37.285" level="INFO">+++ nx-osv-1: execute command 'show bgp vrf default all neighbors 10.1.1.1 received-routes' +++</msg>
<msg timestamp="20200513 11:48:37.548" level="INFO">show bgp vrf default all neighbors 10.1.1.1 received-routes</msg>
<msg timestamp="20200513 11:48:37.548" level="INFO">
Inbound soft reconfiguration for IPv4 Unicast not enabled on 10.1.1.1

Inbound soft reconfiguration for IPv4 Multicast not enabled on 10.1.1.1

Inbound soft reconfiguration for IPv6 Unicast not enabled on 10.1.1.1

Inbound soft reconfiguration for IPv6 Multicast not enabled on 10.1.1.1

Inbound soft reconfiguration for VPNv4 Unicast not enabled on 10.1.1.1

Inbound soft reconfiguration for VPNv6 Unicast not enabled on 10.1.1.1

Inbound soft reconfiguration for IPv4 MDT not enabled on 10.1.1.1

Inbound soft reconfiguration for IPv6 Label Unicast not enabled on 10.1.1.1

Inbound soft reconfiguration for L2VPN VPLS not enabled on 10.1.1.1

Inbound soft reconfiguration for IPv4 MVPN not enabled on 10.1.1.1

Inbound soft reconfiguration for IPv6 MVPN not enabled on 10.1.1.1

Inbound soft reconfiguration for IPv4 Label Unicast not enabled on 10.1.1.1

Inbound soft reconfiguration for L2VPN EVPN not enabled on 10.1.1.1</msg>
<msg timestamp="20200513 11:48:37.548" level="INFO">Could not learn &lt;class 'genie.libs.parser.nxos.show_bgp.ShowBgpVrfAllNeighborsReceivedRoutes'&gt;
Parser Output is empty</msg>
<msg timestamp="20200513 11:48:37.549" level="INFO">nx-osv-1#</msg>
<msg timestamp="20200513 11:48:37.549" level="INFO">+++ nx-osv-1: execute command 'show bgp vrf management all neighbors' +++</msg>
<msg timestamp="20200513 11:48:37.795" level="INFO">show bgp vrf management all neighbors</msg>
<msg timestamp="20200513 11:48:37.796" level="INFO">Unknown vrf management</msg>
<msg timestamp="20200513 11:48:37.796" level="INFO">Could not learn &lt;class 'genie.libs.parser.nxos.show_bgp.ShowBgpVrfAllNeighbors'&gt;
Parser Output is empty</msg>
<msg timestamp="20200513 11:48:37.798" level="INFO">+====================================================================================================================================================+</msg>
<msg timestamp="20200513 11:48:37.798" level="INFO">| Commands for learning feature 'Bgp'                                                                                                                |</msg>
<msg timestamp="20200513 11:48:37.798" level="INFO">+====================================================================================================================================================+</msg>
<msg timestamp="20200513 11:48:37.799" level="INFO">| - Parsed commands                                                                                                                                  |</msg>
<msg timestamp="20200513 11:48:37.799" level="INFO">|----------------------------------------------------------------------------------------------------------------------------------------------------|</msg>
<msg timestamp="20200513 11:48:37.799" level="INFO">|   cmd: &lt;class 'genie.libs.parser.nxos.show_bgp.ShowBgpProcessVrfAll'&gt;, arguments: {'vrf':'all'}                                                    |</msg>
<msg timestamp="20200513 11:48:37.799" level="INFO">|   cmd: &lt;class 'genie.libs.parser.nxos.show_bgp.ShowBgpVrfAllAllNextHopDatabase'&gt;, arguments: {'address_family':'all','vrf':'all'}                  |</msg>
<msg timestamp="20200513 11:48:37.799" level="INFO">|   cmd: &lt;class 'genie.libs.parser.nxos.show_routing.ShowRoutingVrfAll'&gt;, arguments: {'vrf':'all'}                                                   |</msg>
<msg timestamp="20200513 11:48:37.799" level="INFO">|   cmd: &lt;class 'genie.libs.parser.nxos.show_bgp.ShowBgpVrfAllAll'&gt;, arguments: {'address_family':'all','vrf':'all'}                                 |</msg>
<msg timestamp="20200513 11:48:37.799" level="INFO">|   cmd: &lt;class 'genie.libs.parser.nxos.show_vrf.ShowVrf'&gt;, arguments: {'vrf':'all'}                                                                 |</msg>
<msg timestamp="20200513 11:48:37.799" level="INFO">|   cmd: &lt;class 'genie.libs.parser.nxos.show_bgp.ShowBgpVrfAllNeighbors'&gt;, arguments: {'address_family':'all','neighbor':'','vrf':'default'}         |</msg>
<msg timestamp="20200513 11:48:37.799" level="INFO">|   cmd: &lt;class 'genie.libs.parser.nxos.show_bgp.ShowBgpVrfAllAllSummary'&gt;, arguments: {'address_family':'all','vrf':'all'}                          |</msg>
<msg timestamp="20200513 11:48:37.799" level="INFO">|   cmd: &lt;class 'genie.libs.parser.nxos.show_bgp.ShowBgpVrfAllNeighborsAdvertisedRoutes'&gt;, arguments:                                                |</msg>
<msg timestamp="20200513 11:48:37.799" level="INFO">| {'address_family':'all','neighbor':'10.1.1.1','vrf':'default'}                                                                                     |</msg>
<msg timestamp="20200513 11:48:37.800" level="INFO">|   cmd: &lt;class 'genie.libs.parser.nxos.show_bgp.ShowBgpVrfAllNeighborsRoutes'&gt;, arguments:                                                          |</msg>
<msg timestamp="20200513 11:48:37.800" level="INFO">| {'address_family':'all','neighbor':'10.1.1.1','vrf':'default'}                                                                                     |</msg>
<msg timestamp="20200513 11:48:37.800" level="INFO">|====================================================================================================================================================|</msg>
<msg timestamp="20200513 11:48:37.800" level="INFO">| - Commands with empty output                                                                                                                       |</msg>
<msg timestamp="20200513 11:48:37.800" level="INFO">|----------------------------------------------------------------------------------------------------------------------------------------------------|</msg>
<msg timestamp="20200513 11:48:37.800" level="INFO">|   cmd: &lt;class 'genie.libs.parser.nxos.show_bgp.ShowBgpPeerSession'&gt;                                                                                |</msg>
<msg timestamp="20200513 11:48:37.800" level="INFO">|   cmd: &lt;class 'genie.libs.parser.nxos.show_bgp.ShowBgpPeerPolicy'&gt;                                                                                 |</msg>
<msg timestamp="20200513 11:48:37.800" level="INFO">|   cmd: &lt;class 'genie.libs.parser.nxos.show_bgp.ShowBgpVrfAllAllDampeningParameters'&gt;, arguments: {'address_family':'all','vrf':'all'}              |</msg>
<msg timestamp="20200513 11:48:37.800" level="INFO">|   cmd: &lt;class 'genie.libs.parser.nxos.show_bgp.ShowBgpVrfAllNeighborsReceivedRoutes'&gt;, arguments:                                                  |</msg>
<msg timestamp="20200513 11:48:37.800" level="INFO">| {'address_family':'all','neighbor':'10.1.1.1','vrf':'default'}                                                                                     |</msg>
<msg timestamp="20200513 11:48:37.800" level="INFO">|   cmd: &lt;class 'genie.libs.parser.nxos.show_bgp.ShowBgpVrfAllNeighbors'&gt;, arguments: {'address_family':'all','neighbor':'','vrf':'management'}      |</msg>
[...]
    1 Neighbors, flooding to 1, adjacent with 1
    Timer intervals: Hello 10, Dead 40, Wait 40, Retransmit 5
      Hello timer due in 00:00:00
    No authentication
    Number of opaque link LSAs: 0, checksum sum 0
 loopback0 is up, line protocol is up
    IP address 10.2.2.2/32
    Process ID 1 VRF default, area 0.0.0.0
    Enabled by interface configuration
    State LOOPBACK, Network type LOOPBACK, cost 1
    Index 1</msg>
<msg timestamp="20200513 11:49:58.071" level="INFO">nx-osv-1#</msg>
<msg timestamp="20200513 11:49:58.071" level="INFO">+++ nx-osv-1: execute command 'show ip ospf neighbors detail vrf all' +++</msg>
<msg timestamp="20200513 11:49:58.555" level="INFO">show ip ospf neighbors detail vrf all</msg>
<msg timestamp="20200513 11:49:58.555" level="INFO"> Neighbor 10.1.1.1, interface address 10.0.1.1
    Process ID 1 VRF default, in area 0.0.0.0 via interface Ethernet2/1
    State is FULL, 5 state changes, last change 00:15:30
    Neighbor priority is 1
    DR is 10.0.1.2 BDR is 10.0.1.1
    Hello options 0x12, dbd options 0x52
    Last non-hello packet received never
      Dead timer due in 00:00:35
 Neighbor 10.1.1.1, interface address 10.0.2.1
    Process ID 1 VRF default, in area 0.0.0.0 via interface Ethernet2/2
    State is FULL, 5 state changes, last change 00:15:30
    Neighbor priority is 1
    DR is 10.0.2.2 BDR is 10.0.2.1
    Hello options 0x12, dbd options 0x52
    Last non-hello packet received never
      Dead timer due in 00:00:33</msg>
<msg timestamp="20200513 11:49:58.561" level="INFO">nx-osv-1#</msg>
<msg timestamp="20200513 11:49:58.561" level="INFO">+++ nx-osv-1: execute command 'show ip ospf sham-links vrf all' +++</msg>
<msg timestamp="20200513 11:49:58.977" level="INFO">show ip ospf sham-links vrf all</msg>
<msg timestamp="20200513 11:49:58.977" level="INFO">Could not learn &lt;class 'genie.libs.parser.nxos.show_ospf.ShowIpOspfShamLinks'&gt;
Invalid command has been executed</msg>
<msg timestamp="20200513 11:49:58.979" level="INFO">+====================================================================================================================================================+</msg>
<msg timestamp="20200513 11:49:58.979" level="INFO">| Commands for learning feature 'Ospf'                                                                                                               |</msg>
<msg timestamp="20200513 11:49:58.979" level="INFO">+====================================================================================================================================================+</msg>
<msg timestamp="20200513 11:49:58.979" level="INFO">| - Parsed commands                                                                                                                                  |</msg>
<msg timestamp="20200513 11:49:58.979" level="INFO">|----------------------------------------------------------------------------------------------------------------------------------------------------|</msg>
<msg timestamp="20200513 11:49:58.980" level="INFO">|   cmd: &lt;class 'genie.libs.parser.nxos.show_feature.ShowFeature'&gt;                                                                                   |</msg>
<msg timestamp="20200513 11:49:58.980" level="INFO">|   cmd: &lt;class 'genie.libs.parser.nxos.show_ospf.ShowIpOspf'&gt;, arguments: {'vrf':'all'}                                                             |</msg>
<msg timestamp="20200513 11:49:58.980" level="INFO">|   cmd: &lt;class 'genie.libs.parser.nxos.show_ospf.ShowIpOspfMplsLdpInterface'&gt;, arguments: {'interface':'','vrf':'all'}                              |</msg>
<msg timestamp="20200513 11:49:58.980" level="INFO">|   cmd: &lt;class 'genie.libs.parser.nxos.show_ospf.ShowIpOspfDatabaseRouterDetail'&gt;, arguments: {'vrf':'all'}                                         |</msg>
<msg timestamp="20200513 11:49:58.980" level="INFO">|   cmd: &lt;class 'genie.libs.parser.nxos.show_ospf.ShowIpOspfDatabaseNetworkDetail'&gt;, arguments: {'vrf':'all'}                                        |</msg>
<msg timestamp="20200513 11:49:58.980" level="INFO">|   cmd: &lt;class 'genie.libs.parser.nxos.show_ospf.ShowIpOspfDatabaseSummaryDetail'&gt;, arguments: {'vrf':'all'}                                        |</msg>
<msg timestamp="20200513 11:49:58.981" level="INFO">|   cmd: &lt;class 'genie.libs.parser.nxos.show_ospf.ShowIpOspfDatabaseExternalDetail'&gt;, arguments: {'vrf':'all'}                                       |</msg>
<msg timestamp="20200513 11:49:58.981" level="INFO">|   cmd: &lt;class 'genie.libs.parser.nxos.show_ospf.ShowIpOspfDatabaseOpaqueAreaDetail'&gt;, arguments: {'vrf':'all'}                                     |</msg>
<msg timestamp="20200513 11:49:58.981" level="INFO">|   cmd: &lt;class 'genie.libs.parser.nxos.show_ospf.ShowIpOspfInterface'&gt;, arguments: {'interface':'','vrf':'all'}                                     |</msg>
<msg timestamp="20200513 11:49:58.981" level="INFO">|   cmd: &lt;class 'genie.libs.parser.nxos.show_ospf.ShowIpOspfNeighborDetail'&gt;, arguments: {'neighbor':'','vrf':'all'}                                 |</msg>
<msg timestamp="20200513 11:49:58.981" level="INFO">|====================================================================================================================================================|</msg>
<msg timestamp="20200513 11:49:58.981" level="INFO">| - Commands not accepted on the device                                                                                                              |</msg>
<msg timestamp="20200513 11:49:58.982" level="INFO">|----------------------------------------------------------------------------------------------------------------------------------------------------|</msg>
<msg timestamp="20200513 11:49:58.982" level="INFO">|   cmd: &lt;class 'genie.libs.parser.nxos.show_ospf.ShowIpOspfShamLinks'&gt;, arguments: {'vrf':'all'}                                                    |</msg>
<msg timestamp="20200513 11:49:58.982" level="INFO">|====================================================================================================================================================|</msg>
<msg timestamp="20200513 11:49:58.982" level="INFO">| - Commands with empty output                                                                                                                       |</msg>
<msg timestamp="20200513 11:49:58.982" level="INFO">|----------------------------------------------------------------------------------------------------------------------------------------------------|</msg>
<msg timestamp="20200513 11:49:58.982" level="INFO">|   cmd: &lt;class 'genie.libs.parser.nxos.show_ospf.ShowIpOspfVirtualLinks'&gt;, arguments: {'vrf':'all'}                                                 |</msg>
<msg timestamp="20200513 11:49:58.982" level="INFO">|====================================================================================================================================================|</msg>
<msg timestamp="20200513 11:49:59.109" level="INFO">Start learning device configuration</msg>
<msg timestamp="20200513 11:49:59.109" level="INFO">nx-osv-1#</msg>
<msg timestamp="20200513 11:49:59.109" level="INFO">+++ nx-osv-1: execute command 'show running-config' +++</msg>
<msg timestamp="20200513 11:50:00.345" level="INFO">show running-config</msg>
<msg timestamp="20200513 11:50:00.345" level="INFO">
!Command: show running-config
!Time: Wed May 13 15:30:07 2020

version 7.3(0)D1(1)
power redundancy-mode redundant
license grace-period

hostname nx-osv-1
vdc nx-osv-1 id 1
  limit-resource module-type m1 m1xl m2xl f2e 
  allocate interface Ethernet2/1-48
  allocate interface Ethernet3/1-48
  allocate interface Ethernet4/1-48
  limit-resource vlan minimum 16 maximum 4094
  limit-resource vrf minimum 2 maximum 4096
  limit-resource port-channel minimum 0 maximum 768
  limit-resource u4route-mem minimum 96 maximum 96
  limit-resource u6route-mem minimum 24 maximum 24
  limit-resource m4route-mem minimum 58 maximum 58
  limit-resource m6route-mem minimum 8 maximum 8

feature ospf
feature bgp

username admin password 5 $5$Otc7T0NC$K.ulnSZnSyXLrTGNBdtLgZJXEa8EeNx.BrdZ98XyK2C  role network-admin
no password strength-check
ip domain-lookup
vlan dot1Q tag native
system default switchport
system jumbomtu 0
no logging event trunk-status enable
copp profile strict
snmp-server user admin auth md5 0x328945d53e05e8e7207f8c20b142f0b7 priv 0x328945d53e05e8e7207f8c20b142f0b7 localizedkey engineID 128:0:0:9:3:0:0:0:0:0:0
rmon event 1 log description FATAL(1) owner PMON@FATAL
rmon event 2 log description CRITICAL(2) owner PMON@CRITICAL
rmon event 3 log description ERROR(3) owner PMON@ERROR
rmon event 4 log description WARNING(4) owner PMON@WARNING
rmon event 5 log description INFORMATION(5) owner PMON@INFO
snmp-server enable traps link
snmp-server enable traps link cisco-xcvr-mon-status-chg

vlan 1

vrf context management

interface mgmt0
  vrf member management

interface Ethernet2/1
  no switchport
  mac-address 0000.0000.002f
  ip address 10.0.1.2/24
  ip router ospf 1 area 0.0.0.0
  no shutdown

interface Ethernet2/2
  no switchport
  mac-address 0000.0000.002f
  ip address 10.0.2.2/24
  ip router ospf 1 area 0.0.0.0
  no shutdown

interface Ethernet2/3
  shutdown
  no switchport
  mac-address 0000.0000.002f

interface Ethernet2/4
  shutdown
  no switchport
  mac-address 0000.0000.002f

interface Ethernet2/5
  shutdown
  no switchport
  mac-address 0000.0000.002f

interface Ethernet2/6
  shutdown
  no switchport
  mac-address 0000.0000.002f

interface Ethernet2/7
  shutdown
  no switchport
  mac-address 0000.0000.002f

interface Ethernet2/8
  shutdown
  no switchport
  mac-address 0000.0000.002f

interface Ethernet2/9
  shutdown
  no switchport
  mac-address 0000.0000.002f

interface Ethernet2/10
  shutdown
  no switchport
  mac-address 0000.0000.002f

interface Ethernet2/11
  shutdown
  no switchport
  mac-address 0000.0000.002f

interface Ethernet2/12
  shutdown
  no switchport
  mac-address 0000.0000.002f

interface Ethernet2/13
  shutdown
  no switchport
  mac-address 0000.0000.002f

interface Ethernet2/14
  shutdown
  no switchport
  mac-address 0000.0000.002f

interface Ethernet2/15
  shutdown
  no switchport
  mac-address 0000.0000.002f

interface Ethernet2/16
  shutdown
  no switchport
  mac-address 0000.0000.002f

interface Ethernet2/17
  shutdown
  no switchport
  mac-address 0000.0000.002f

interface Ethernet2/18
  shutdown
  no switchport
  mac-address 0000.0000.002f

interface Ethernet2/19
  shutdown
  no switchport
  mac-address 0000.0000.002f

interface Ethernet2/20
  shutdown
  no switchport
  mac-address 0000.0000.002f

interface Ethernet2/21
  shutdown
  no switchport
  mac-address 0000.0000.002f

interface Ethernet2/22
  shutdown
  no switchport
  mac-address 0000.0000.002f

interface Ethernet2/23
  shutdown
  no switchport
  mac-address 0000.0000.002f

interface Ethernet2/24
  shutdown
  no switchport
  mac-address 0000.0000.002f

interface Ethernet2/25
  shutdown
  no switchport
  mac-address 0000.0000.002f

interface Ethernet2/26
  shutdown
  no switchport
  mac-address 0000.0000.002f

interface Ethernet2/27
  shutdown
  no switchport
  mac-address 0000.0000.002f

interface Ethernet2/28
  shutdown
  no switchport
  mac-address 0000.0000.002f

interface Ethernet2/29
  shutdown
  no switchport
  mac-address 0000.0000.002f

interface Ethernet2/30
  shutdown
  no switchport
  mac-address 0000.0000.002f

interface Ethernet2/31
  shutdown
  no switchport
  mac-address 0000.0000.002f

interface Ethernet2/32
  shutdown
  no switchport
  mac-address 0000.0000.002f

interface Ethernet2/33
  shutdown
  no switchport
  mac-address 0000.0000.002f

interface Ethernet2/34
  shutdown
  no switchport
  mac-address 0000.0000.002f

interface Ethernet2/35
  shutdown
  no switchport
  mac-address 0000.0000.002f

interface Ethernet2/36
  shutdown
  no switchport
  mac-address 0000.0000.002f

interface Ethernet2/37
  shutdown
  no switchport
  mac-address 0000.0000.002f

interface Ethernet2/38
  shutdown
  no switchport
  mac-address 0000.0000.002f

interface Ethernet2/39
  shutdown
  no switchport
  mac-address 0000.0000.002f

interface Ethernet2/40
  shutdown
  no switchport
  mac-address 0000.0000.002f

interface Ethernet2/41
  shutdown
  no switchport
  mac-address 0000.0000.002f

interface Ethernet2/42
  shutdown
  no switchport
  mac-address 0000.0000.002f

interface Ethernet2/43
  shutdown
  no switchport
  mac-address 0000.0000.002f

interface Ethernet2/44
  shutdown
  no switchport
  mac-address 0000.0000.002f

interface Ethernet2/45
  shutdown
  no switchport
  mac-address 0000.0000.002f

interface Ethernet2/46
  shutdown
  no switchport
  mac-address 0000.0000.002f

interface Ethernet2/47
  shutdown
  no switchport
  mac-address 0000.0000.002f

interface Ethernet2/48
  shutdown
  no switchport
  mac-address 0000.0000.002f

interface Ethernet3/1
  switchport
  no shutdown

interface Ethernet3/2
  switchport
  no shutdown

interface Ethernet3/3
  switchport
  no shutdown

interface Ethernet3/4
  switchport
  no shutdown

interface Ethernet3/5
  switchport
  no shutdown

interface Ethernet3/6
  switchport
  no shutdown

interface Ethernet3/7
  switchport
  no shutdown

interface Ethernet3/8
  switchport
  no shutdown

interface Ethernet3/9
  switchport
  no shutdown

interface Ethernet3/10
  switchport
  no shutdown

interface Ethernet3/11
  switchport
  no shutdown

interface Ethernet3/12
  switchport
  no shutdown

interface Ethernet3/13
  switchport
  no shutdown

interface Ethernet3/14
  switchport
  no shutdown

interface Ethernet3/15
  switchport
  no shutdown

interface Ethernet3/16
  switchport
  no shutdown

interface Ethernet3/17
  switchport
  no shutdown

interface Ethernet3/18
  switchport
  no shutdown

interface Ethernet3/19
  switchport
  no shutdown

interface Ethernet3/20
  switchport
  no shutdown

interface Ethernet3/21
  switchport
  no shutdown

interface Ethernet3/22
  switchport
  no shutdown

interface Ethernet3/23
  switchport
  no shutdown

interface Ethernet3/24
  switchport
  no shutdown

interface Ethernet3/25
  switchport
  no shutdown

interface Ethernet3/26
  switchport
  no shutdown

interface Ethernet3/27
  switchport
  no shutdown

interface Ethernet3/28
  switchport
  no shutdown

interface Ethernet3/29
  switchport
  no shutdown

interface Ethernet3/30
  switchport
  no shutdown

interface Ethernet3/31
  switchport
  no shutdown

interface Ethernet3/32
  switchport
  no shutdown

interface Ethernet3/33
  switchport
  no shutdown

interface Ethernet3/34
  switchport
  no shutdown

interface Ethernet3/35
  switchport
  no shutdown

interface Ethernet3/36
  switchport
  no shutdown

interface Ethernet3/37
  switchport
  no shutdown

interface Ethernet3/38
  switchport
  no shutdown

interface Ethernet3/39
  switchport
  no shutdown

interface Ethernet3/40
  switchport
  no shutdown

interface Ethernet3/41
  switchport
  no shutdown

interface Ethernet3/42
  switchport
  no shutdown

interface Ethernet3/43
  switchport
  no shutdown

interface Ethernet3/44
  switchport
  no shutdown

interface Ethernet3/45
  switchport
  no shutdown

interface Ethernet3/46
  switchport
  no shutdown

interface Ethernet3/47
  switchport
  no shutdown

interface Ethernet3/48
  switchport
  no shutdown

interface Ethernet4/1
  switchport
  no shutdown

interface Ethernet4/2
  switchport
  no shutdown

interface Ethernet4/3
  switchport
  no shutdown

interface Ethernet4/4
  switchport
  no shutdown

interface Ethernet4/5
  switchport
  no shutdown

interface Ethernet4/6
  switchport
  no shutdown

interface Ethernet4/7
  switchport
  no shutdown

interface Ethernet4/8
  switchport
  no shutdown

interface Ethernet4/9
  switchport
  no shutdown

interface Ethernet4/10
  switchport
  no shutdown

interface Ethernet4/11
  switchport
  no shutdown

interface Ethernet4/12
  switchport
  no shutdown

interface Ethernet4/13
  switchport
  no shutdown

interface Ethernet4/14
  switchport
  no shutdown

interface Ethernet4/15
  switchport
  no shutdown

interface Ethernet4/16
  switchport
  no shutdown

interface Ethernet4/17
  switchport
  no shutdown

interface Ethernet4/18
  switchport
  no shutdown

interface Ethernet4/19
  switchport
  no shutdown

interface Ethernet4/20
  switchport
  no shutdown

interface Ethernet4/21
  switchport
  no shutdown

interface Ethernet4/22
  switchport
  no shutdown

interface Ethernet4/23
  switchport
  no shutdown

interface Ethernet4/24
  switchport
  no shutdown

interface Ethernet4/25
  switchport
  no shutdown

interface Ethernet4/26
  switchport
  no shutdown

interface Ethernet4/27
  switchport
  no shutdown

interface Ethernet4/28
  switchport
  no shutdown

interface Ethernet4/29
  switchport
  no shutdown

interface Ethernet4/30
  switchport
  no shutdown

interface Ethernet4/31
  switchport
  no shutdown

interface Ethernet4/32
  switchport
  no shutdown

interface Ethernet4/33
  switchport
  no shutdown

interface Ethernet4/34
  switchport
  no shutdown

interface Ethernet4/35
  switchport
  no shutdown

interface Ethernet4/36
  switchport
  no shutdown

interface Ethernet4/37
  switchport
  no shutdown

interface Ethernet4/38
  switchport
  no shutdown

interface Ethernet4/39
  switchport
  no shutdown

interface Ethernet4/40
  switchport
  no shutdown

interface Ethernet4/41
  switchport
  no shutdown

interface Ethernet4/42
  switchport
  no shutdown

interface Ethernet4/43
  switchport
  no shutdown

interface Ethernet4/44
  switchport
  no shutdown

interface Ethernet4/45
  switchport
  no shutdown

interface Ethernet4/46
  switchport
  no shutdown

interface Ethernet4/47
  switchport
  no shutdown

interface Ethernet4/48
  switchport
  no shutdown

interface loopback0
  ip address 10.2.2.2/32
  ip router ospf 1 area 0.0.0.0

interface loopback1
  ip address 10.22.22.22/32
line console
  exec-timeout 0
  terminal width  511
line vty
boot kickstart bootflash:/titanium-d1-kickstart.7.3.0.D1.1.bin
boot system bootflash:/titanium-d1.7.3.0.D1.1.bin 
router ospf 1
  router-id 10.2.2.2
router bgp 65000
  router-id 10.2.2.2
  address-family ipv4 unicast
    network 10.22.22.22/32
  neighbor 10.1.1.1
    remote-as 65000
    update-source loopback0
    address-family ipv4 unicast
no logging console</msg>
<msg timestamp="20200513 11:50:00.347" level="INFO">Saved system profile as variable snap2</msg>
<status status="PASS" starttime="20200513 11:49:53.535" endtime="20200513 11:50:00.347"></status>
</kw>
<kw name="Compare profile &quot;snap2&quot; with &quot;snap1&quot; on devices &quot;nx-osv-1&quot;" library="genie.libs.robot.GenieRobot">
<doc>Compare system profiles taken as snapshots during the run</doc>
<msg timestamp="20200513 11:50:00.349" level="INFO">Comparison between snap2 and snap1 is identical
</msg>
<msg timestamp="20200513 11:50:00.356" level="INFO">Comparison between snap2 and snap1 is identical
</msg>
<msg timestamp="20200513 11:50:00.356" level="INFO">Execution passed with message:
All Feature were identical on all devices</msg>
<status status="PASS" starttime="20200513 11:50:00.347" endtime="20200513 11:50:00.356"></status>
</kw>
<status status="PASS" starttime="20200513 11:49:53.534" endtime="20200513 11:50:00.357" critical="yes">All Feature were identical on all devices</status>
</test>
<status status="PASS" starttime="20200513 11:47:30.941" endtime="20200513 11:50:00.360"></status>
</suite>
<statistics>
<total>
<stat pass="13" fail="0">Critical Tests</stat>
<stat pass="13" fail="0">All Tests</stat>
</total>
<tag>
<stat pass="2" fail="0">basic looping</stat>
<stat pass="2" fail="0">bgp</stat>
<stat pass="1" fail="0">noncritical</stat>
<stat pass="1" fail="0">sleep</stat>
</tag>
<suite>
<stat pass="13" fail="0" id="s1" name="Demo5">Demo5</stat>
</suite>
</statistics>
<errors>
</errors>
</robot>
